2020/05/23;14:44:48:0302;Info;Livebug;Livebug started;-;
2020/05/23;14:44:48:0306;Info;Livebug;app;BukkitGUI;
2020/05/23;14:44:48:0306;Info;Livebug;version;1.8.0.551;
2020/05/23;14:44:48:0306;Info;Livebug;path;D:\JacobLinCool\Github\HSNU-1481-Minecraft-Server;
2020/05/23;14:44:48:0322;Info;Livebug;netframework;3.5.30729.4926;
2020/05/23;14:44:48:0322;Info;Livebug;CPU;;
2020/05/23;14:44:48:0368;Info;Livebug;CPU;mfg: GenuineIntel;
2020/05/23;14:44:48:0372;Info;Livebug;CPU;name: Intel(R) Core(TM) i5-9400 CPU @ 2.90GHz;
2020/05/23;14:44:48:0376;Info;Livebug;CPU;cores: 6;
2020/05/23;14:44:48:0380;Info;Livebug;CPU;threads: 6;
2020/05/23;14:44:48:0384;Info;Livebug;CPU;speed: 2901;
2020/05/23;14:44:48:0384;Info;Livebug;RAM;;
2020/05/23;14:44:48:0389;Info;Livebug;RAM;amount: 8589934592;
2020/05/23;14:44:48:0392;Info;Livebug;RAM;mfg: Kingston;
2020/05/23;14:44:48:0392;Info;Livebug;OS;;
2020/05/23;14:44:48:0426;Info;Livebug;OS;Name:Microsoft Windows 10 家用版;
2020/05/23;14:44:48:0426;Info;Livebug;OS;Platform:Win32NT;
2020/05/23;14:44:48:0426;Info;Livebug;OS;Version:6.2.9200.0;
2020/05/23;14:44:48:0426;Fine;Splashscreen;Initializing application;-;
2020/05/23;14:44:48:0426;Fine;Splashscreen;Loading:Initializing common items(20%);-;
2020/05/23;14:44:48:0427;Fine;Common;Updating locations...;-;
2020/05/23;14:44:48:0428;Fine;Common;Common module initialized;-;
2020/05/23;14:44:48:0428;Fine;Splashscreen;Loading:Initializing config(40%);-;
2020/05/23;14:44:48:0431;Fine;fxml - config;Loading XML file: D:\JacobLinCool\Github\HSNU-1481-Minecraft-Server\BukkitGUI\Config/config.xml;-;
2020/05/23;14:44:48:0431;Fine;fxml - config;XML file loaded;-;
2020/05/23;14:44:48:0434;Fine;Common;Comparing versions: 1.2 - 1.2;-;
2020/05/23;14:44:48:0435;Fine;Common;Normalized versions: 1.2.0.0 - 1.2.0.0;-;
2020/05/23;14:44:48:0435;Fine;Common;Result of version compare:0;-;
2020/05/23;14:44:48:0435;Fine;fxml - config;Verifying versions, result: true;-;
2020/05/23;14:44:48:0435;Fine;Config;Config initialized;-;
2020/05/23;14:44:48:0438;Fine;fxml - config;Requested XML element: lightmode - Value: false;-;
2020/05/23;14:44:48:0438;Fine;Splashscreen;Loading:running update check...(30%);-;
2020/05/23;14:44:48:0441;Fine;fxml - config;Requested XML element: auto_update - Value: false;-;
2020/05/23;14:44:48:0441;Fine;Splashscreen;Loading:Initializing localization(50%);-;
2020/05/23;14:44:48:0443;Fine;fxml - config;Requested XML element: language - Value: D:\JacobLinCool\Github\HSNU-1481-Minecraft-Server\BukkitGUI\Localization/traditionalChinese.xml;-;
2020/05/23;14:44:48:0447;Fine;fxml - language;Loading XML file: D:\JacobLinCool\Github\HSNU-1481-Minecraft-Server\BukkitGUI\Localization/traditionalChinese.xml;-;
2020/05/23;14:44:48:0447;Fine;fxml - language;XML file loaded;-;
2020/05/23;14:44:48:0449;Fine;fxml - config;Requested XML element: join - Value: false;-;
2020/05/23;14:44:48:0449;Fine;fxml - config;Requested XML element: disconnect - Value: false;-;
2020/05/23;14:44:48:0449;Fine;fxml - config;Requested XML element: warning - Value: false;-;
2020/05/23;14:44:48:0449;Fine;fxml - config;Requested XML element: severe - Value: false;-;
2020/05/23;14:44:48:0450;Fine;Splashscreen;Loading:Initializing performance(60%);-;
2020/05/23;14:44:48:0462;Fine;performance;Initializing...;-;
2020/05/23;14:44:48:0463;Fine;performance;CPU timer started;-;
2020/05/23;14:44:48:0463;Fine;performance;RAM timer started;-;
2020/05/23;14:44:48:0463;Fine;performance;CPU counter started;-;
2020/05/23;14:44:48:0463;Fine;performance;Performance initialized;-;
2020/05/23;14:44:48:0463;Fine;Splashscreen;Loading:Initializing output handler(70%);-;
2020/05/23;14:44:48:0467;Fine;fxml - config;Requested XML element: info - Value: blue;-;
2020/05/23;14:44:48:0468;Fine;fxml - config;Requested XML element: player_event - Value: green;-;
2020/05/23;14:44:48:0468;Fine;fxml - config;Requested XML element: warning - Value: orange;-;
2020/05/23;14:44:48:0468;Fine;fxml - config;Requested XML element: severe - Value: red;-;
2020/05/23;14:44:48:0468;Fine;fxml - config;Requested XML element: unknown - Value: black;-;
2020/05/23;14:44:48:0468;Fine;fxml - config;Requested XML element: date - Value: false;-;
2020/05/23;14:44:48:0468;Fine;fxml - config;Requested XML element: time - Value: true;-;
2020/05/23;14:44:48:0468;Fine;Splashscreen;Loading:Initializing plugin manager(75%);-;
2020/05/23;14:44:48:0472;Fine;Splashscreen;Loading:Initializing server settings...(85%);-;
2020/05/23;14:44:48:0473;Fine;Pluginmanager;Initializing / Loading;-;
2020/05/23;14:44:48:0478;Fine;AdvancedWebClient;Retrieving contents from api.bukget.org;-;
2020/05/23;14:44:48:0478;Fine;ServerSettings;Reading server settings from D:\JacobLinCool\Github\HSNU-1481-Minecraft-Server/server.properties;-;
2020/05/23;14:44:48:0479;Fine;fxml - config;Saved XML element: pluginmanager - Value: ;-;
2020/05/23;14:44:48:0479;Fine;fxml - config;Saved XML element: installedplugins - Value: ;-;
2020/05/23;14:44:48:0480;Fine;fxml - config;Saved XML element: installplugins - Value: ;-;
2020/05/23;14:44:48:0481;Fine;Splashscreen;Loading:Initializing error manager...(85%);-;
2020/05/23;14:44:48:0483;Fine;pluginmanager;Loaded base list: 13 plugins loaded;pluginmanager;
2020/05/23;14:44:48:0484;Fine;fxml - config;Requested XML element: hide_warning - Value: false;-;
2020/05/23;14:44:48:0484;Fine;fxml - config;Requested XML element: hide_error - Value: false;-;
2020/05/23;14:44:48:0484;Fine;fxml - config;Requested XML element: hide_stacktrace - Value: false;-;
2020/05/23;14:44:48:0484;Fine;Splashscreen;Loading:Initializing task manager...(90%);-;
2020/05/23;14:44:48:0485;Fine;InstalledPlugins;Loading full list;Pluginmanager.InstalledPluginmanager.CreateDetailledList();
2020/05/23;14:44:48:0486;Fine;fxml - TaskManager;Loading XML file: D:\JacobLinCool\Github\HSNU-1481-Minecraft-Server\BukkitGUI\Config/tasks.xml;-;
2020/05/23;14:44:48:0486;Fine;fxml - TaskManager;XML file loaded;-;
2020/05/23;14:44:48:0486;Fine;InstalledPlugins;Loading plugin 1 of 13 : ArmoredElytra.jar;-;
2020/05/23;14:44:48:0488;Fine;TaskManager;Loading tasks...;-;
2020/05/23;14:44:48:0488;Fine;TaskManager;Parsing task 1 out of 3;-;
2020/05/23;14:44:48:0489;Fine;plugindescriptor;loading plugin (step 1/2): ArmoredElytra.jar - cache allowed:True;-;
2020/05/23;14:44:48:0489;Fine;plugindescriptor;Reading plugin data from cache...;-;
2020/05/23;14:44:48:0489;Fine;plugindescriptor;loading plugin (step 2/2): ArmoredElytra.jar - cache allowed:True;-;
2020/05/23;14:44:48:0489;Fine;TaskManager;Loading task:每日重啟;-;
2020/05/23;14:44:48:0490;Fine;TaskManager;Loading task:每日重啟 : trigger settings loaded;-;
2020/05/23;14:44:48:0490;Fine;TaskManager;Loading task:每日重啟 : action settings loaded;-;
2020/05/23;14:44:48:0494;Fine;TaskManager;Enabling task:每日重啟 - trigger:current_time;每日重啟;
2020/05/23;14:44:48:0494;Fine;TaskManager;Task enabled;每日重啟;
2020/05/23;14:44:48:0495;Fine;TaskManager;Loading task:每日重啟 :task enabled;-;
2020/05/23;14:44:48:0495;Fine;TaskManager;Parsing task 2 out of 3;-;
2020/05/23;14:44:48:0495;Fine;TaskManager;Loading task:定時重啟;-;
2020/05/23;14:44:48:0495;Fine;TaskManager;Loading task:定時重啟 : trigger settings loaded;-;
2020/05/23;14:44:48:0495;Fine;TaskManager;Loading task:定時重啟 : action settings loaded;-;
2020/05/23;14:44:48:0495;Fine;TaskManager;Enabling task:定時重啟 - trigger:elapsed_time;定時重啟;
2020/05/23;14:44:48:0496;Fine;TaskManager;Task enabled;定時重啟;
2020/05/23;14:44:48:0496;Fine;TaskManager;Loading task:定時重啟 :task enabled;-;
2020/05/23;14:44:48:0496;Fine;TaskManager;Parsing task 3 out of 3;-;
2020/05/23;14:44:48:0496;Fine;TaskManager;Loading task:定時重啟警告;-;
2020/05/23;14:44:48:0496;Fine;TaskManager;Loading task:定時重啟警告 : trigger settings loaded;-;
2020/05/23;14:44:48:0496;Fine;TaskManager;Loading task:定時重啟警告 : action settings loaded;-;
2020/05/23;14:44:48:0496;Fine;TaskManager;Enabling task:定時重啟警告 - trigger:elapsed_time;定時重啟警告;
2020/05/23;14:44:48:0496;Fine;TaskManager;Task enabled;定時重啟警告;
2020/05/23;14:44:48:0497;Fine;TaskManager;Loading task:定時重啟警告 :task enabled;-;
2020/05/23;14:44:48:0497;Fine;TaskManager;Loaded tasks. 3 tasks loaded;-;
2020/05/23;14:44:48:0497;Fine;Splashscreen;Loading:Initializing backup manager...(90%);-;
2020/05/23;14:44:48:0499;Fine;fxml - BackupManager;Loading XML file: D:\JacobLinCool\Github\HSNU-1481-Minecraft-Server\BukkitGUI\Config/backups.xml;-;
2020/05/23;14:44:48:0499;Fine;fxml - BackupManager;XML file loaded;-;
2020/05/23;14:44:48:0502;Fine;Backupmanager;Loading backups...;-;
2020/05/23;14:44:48:0502;Fine;Backupmanager;Loaded backups: 0 backups loaded;-;
2020/05/23;14:44:48:0502;Fine;Splashscreen;Loading:Done...(100%);-;
2020/05/23;14:44:48:0556;Fine;plugindescriptor;loaded plugin: ArmoredElytra.jar - cache allowed:True;-;
2020/05/23;14:44:48:0556;Fine;InstalledPlugins;Loaded plugin 1 of 13 : ArmoredElytra.jar;-;
2020/05/23;14:44:48:0556;Fine;InstalledPlugins;Loading plugin 2 of 13 : battlemusic.jar;-;
2020/05/23;14:44:48:0556;Fine;plugindescriptor;loading plugin (step 1/2): battlemusic.jar - cache allowed:True;-;
2020/05/23;14:44:48:0556;Fine;plugindescriptor;Reading plugin data from cache...;-;
2020/05/23;14:44:48:0556;Fine;plugindescriptor;loading plugin (step 2/2): battlemusic.jar - cache allowed:True;-;
2020/05/23;14:44:48:0577;Warning;AdvancedWebClient;Could not download data from http://api.bukget.org/3/plugins?fields=slug,plugin_name,description,versions.version,versions.game_versions,main&sort=-popularity.weekly&start=0&size=20 : WebException/Unknown : 無法解析遠端名稱: 'api.bukget.org';-;
2020/05/23;14:44:48:0580;Fine;BukGetAPI;Starting parse of plugin list...;-;
2020/05/23;14:44:48:0580;Warning;BukGetAPI;No elements in list, cannot parse plugin list;-;
2020/05/23;14:44:48:0580;Fine;BukGetAPI;Retrying to get available plugins;-;
2020/05/23;14:44:48:0580;Fine;AdvancedWebClient;Retrieving contents from api.bukget.org;-;
2020/05/23;14:44:48:0580;Fine;plugindescriptor;loaded plugin: battlemusic.jar - cache allowed:True;-;
2020/05/23;14:44:48:0580;Fine;InstalledPlugins;Loaded plugin 2 of 13 : battlemusic.jar;-;
2020/05/23;14:44:48:0580;Fine;InstalledPlugins;Loading plugin 3 of 13 : ChatItem-1.3.6.4.jar;-;
2020/05/23;14:44:48:0580;Fine;plugindescriptor;loading plugin (step 1/2): ChatItem-1.3.6.4.jar - cache allowed:True;-;
2020/05/23;14:44:48:0580;Fine;plugindescriptor;Reading plugin data from cache...;-;
2020/05/23;14:44:48:0580;Fine;plugindescriptor;loading plugin (step 2/2): ChatItem-1.3.6.4.jar - cache allowed:True;-;
2020/05/23;14:44:48:0583;Fine;plugindescriptor;loaded plugin: ChatItem-1.3.6.4.jar - cache allowed:True;-;
2020/05/23;14:44:48:0583;Fine;InstalledPlugins;Loaded plugin 3 of 13 : ChatItem-1.3.6.4.jar;-;
2020/05/23;14:44:48:0583;Fine;InstalledPlugins;Loading plugin 4 of 13 : ChestCleaner.jar;-;
2020/05/23;14:44:48:0583;Fine;plugindescriptor;loading plugin (step 1/2): ChestCleaner.jar - cache allowed:True;-;
2020/05/23;14:44:48:0583;Fine;plugindescriptor;Reading plugin data from cache...;-;
2020/05/23;14:44:48:0583;Fine;plugindescriptor;loading plugin (step 2/2): ChestCleaner.jar - cache allowed:True;-;
2020/05/23;14:44:48:0586;Fine;plugindescriptor;loaded plugin: ChestCleaner.jar - cache allowed:True;-;
2020/05/23;14:44:48:0586;Fine;InstalledPlugins;Loaded plugin 4 of 13 : ChestCleaner.jar;-;
2020/05/23;14:44:48:0586;Fine;InstalledPlugins;Loading plugin 5 of 13 : CraftEnhance-2.3.4.jar;-;
2020/05/23;14:44:48:0586;Fine;plugindescriptor;loading plugin (step 1/2): CraftEnhance-2.3.4.jar - cache allowed:True;-;
2020/05/23;14:44:48:0586;Fine;plugindescriptor;Reading plugin data from cache...;-;
2020/05/23;14:44:48:0586;Fine;plugindescriptor;loading plugin (step 2/2): CraftEnhance-2.3.4.jar - cache allowed:True;-;
2020/05/23;14:44:48:0588;Fine;plugindescriptor;loaded plugin: CraftEnhance-2.3.4.jar - cache allowed:True;-;
2020/05/23;14:44:48:0588;Fine;InstalledPlugins;Loaded plugin 5 of 13 : CraftEnhance-2.3.4.jar;-;
2020/05/23;14:44:48:0589;Fine;InstalledPlugins;Loading plugin 6 of 13 : EasyPrefix.jar;-;
2020/05/23;14:44:48:0589;Fine;plugindescriptor;loading plugin (step 1/2): EasyPrefix.jar - cache allowed:True;-;
2020/05/23;14:44:48:0589;Fine;plugindescriptor;Reading plugin data from cache...;-;
2020/05/23;14:44:48:0589;Fine;plugindescriptor;loading plugin (step 2/2): EasyPrefix.jar - cache allowed:True;-;
2020/05/23;14:44:48:0589;Fine;plugindescriptor;loaded plugin: EasyPrefix.jar - cache allowed:True;-;
2020/05/23;14:44:48:0589;Fine;InstalledPlugins;Loaded plugin 6 of 13 : EasyPrefix.jar;-;
2020/05/23;14:44:48:0589;Fine;InstalledPlugins;Loading plugin 7 of 13 : FastLogin.jar;-;
2020/05/23;14:44:48:0589;Fine;plugindescriptor;loading plugin (step 1/2): FastLogin.jar - cache allowed:True;-;
2020/05/23;14:44:48:0589;Fine;plugindescriptor;Reading plugin data from cache...;-;
2020/05/23;14:44:48:0589;Fine;plugindescriptor;loading plugin (step 2/2): FastLogin.jar - cache allowed:True;-;
2020/05/23;14:44:48:0598;Fine;plugindescriptor;loaded plugin: FastLogin.jar - cache allowed:True;-;
2020/05/23;14:44:48:0599;Fine;InstalledPlugins;Loaded plugin 7 of 13 : FastLogin.jar;-;
2020/05/23;14:44:48:0599;Fine;InstalledPlugins;Loading plugin 8 of 13 : LoginSecurity-2.1.9-Bukkit.jar;-;
2020/05/23;14:44:48:0599;Fine;plugindescriptor;loading plugin (step 1/2): LoginSecurity-2.1.9-Bukkit.jar - cache allowed:True;-;
2020/05/23;14:44:48:0599;Fine;plugindescriptor;Reading plugin data from cache...;-;
2020/05/23;14:44:48:0599;Fine;plugindescriptor;loading plugin (step 2/2): LoginSecurity-2.1.9-Bukkit.jar - cache allowed:True;-;
2020/05/23;14:44:48:0599;Fine;plugindescriptor;loaded plugin: LoginSecurity-2.1.9-Bukkit.jar - cache allowed:True;-;
2020/05/23;14:44:48:0599;Fine;InstalledPlugins;Loaded plugin 8 of 13 : LoginSecurity-2.1.9-Bukkit.jar;-;
2020/05/23;14:44:48:0599;Fine;InstalledPlugins;Loading plugin 9 of 13 : PlayerListGUI.jar;-;
2020/05/23;14:44:48:0599;Fine;plugindescriptor;loading plugin (step 1/2): PlayerListGUI.jar - cache allowed:True;-;
2020/05/23;14:44:48:0599;Fine;plugindescriptor;Reading plugin data from cache...;-;
2020/05/23;14:44:48:0599;Fine;plugindescriptor;loading plugin (step 2/2): PlayerListGUI.jar - cache allowed:True;-;
2020/05/23;14:44:48:0600;Fine;plugindescriptor;loaded plugin: PlayerListGUI.jar - cache allowed:True;-;
2020/05/23;14:44:48:0600;Fine;InstalledPlugins;Loaded plugin 9 of 13 : PlayerListGUI.jar;-;
2020/05/23;14:44:48:0600;Fine;InstalledPlugins;Loading plugin 10 of 13 : SkinsRestorer.jar;-;
2020/05/23;14:44:48:0600;Fine;plugindescriptor;loading plugin (step 1/2): SkinsRestorer.jar - cache allowed:True;-;
2020/05/23;14:44:48:0600;Fine;plugindescriptor;Reading plugin data from cache...;-;
2020/05/23;14:44:48:0600;Fine;plugindescriptor;loading plugin (step 2/2): SkinsRestorer.jar - cache allowed:True;-;
2020/05/23;14:44:48:0601;Fine;plugindescriptor;loaded plugin: SkinsRestorer.jar - cache allowed:True;-;
2020/05/23;14:44:48:0601;Fine;InstalledPlugins;Loaded plugin 10 of 13 : SkinsRestorer.jar;-;
2020/05/23;14:44:48:0601;Fine;InstalledPlugins;Loading plugin 11 of 13 : TreeGravity-4.3.0.jar;-;
2020/05/23;14:44:48:0601;Fine;plugindescriptor;loading plugin (step 1/2): TreeGravity-4.3.0.jar - cache allowed:True;-;
2020/05/23;14:44:48:0601;Fine;plugindescriptor;Reading plugin data from cache...;-;
2020/05/23;14:44:48:0601;Fine;plugindescriptor;loading plugin (step 2/2): TreeGravity-4.3.0.jar - cache allowed:True;-;
2020/05/23;14:44:48:0604;Fine;plugindescriptor;loaded plugin: TreeGravity-4.3.0.jar - cache allowed:True;-;
2020/05/23;14:44:48:0604;Fine;InstalledPlugins;Loaded plugin 11 of 13 : TreeGravity-4.3.0.jar;-;
2020/05/23;14:44:48:0604;Fine;InstalledPlugins;Loading plugin 12 of 13 : viabackwards-all-3.0.0-SNAPSHOT.jar;-;
2020/05/23;14:44:48:0604;Fine;plugindescriptor;loading plugin (step 1/2): viabackwards-all-3.0.0-SNAPSHOT.jar - cache allowed:True;-;
2020/05/23;14:44:48:0604;Fine;plugindescriptor;Reading plugin data from cache...;-;
2020/05/23;14:44:48:0604;Fine;plugindescriptor;loading plugin (step 2/2): viabackwards-all-3.0.0-SNAPSHOT.jar - cache allowed:True;-;
2020/05/23;14:44:48:0605;Fine;plugindescriptor;loaded plugin: viabackwards-all-3.0.0-SNAPSHOT.jar - cache allowed:True;-;
2020/05/23;14:44:48:0605;Fine;InstalledPlugins;Loaded plugin 12 of 13 : viabackwards-all-3.0.0-SNAPSHOT.jar;-;
2020/05/23;14:44:48:0605;Fine;InstalledPlugins;Loading plugin 13 of 13 : ViaVersion-3.0.0-SNAPSHOT.jar;-;
2020/05/23;14:44:48:0605;Fine;plugindescriptor;loading plugin (step 1/2): ViaVersion-3.0.0-SNAPSHOT.jar - cache allowed:True;-;
2020/05/23;14:44:48:0605;Fine;plugindescriptor;Reading plugin data from cache...;-;
2020/05/23;14:44:48:0605;Fine;plugindescriptor;loading plugin (step 2/2): ViaVersion-3.0.0-SNAPSHOT.jar - cache allowed:True;-;
2020/05/23;14:44:48:0606;Fine;plugindescriptor;loaded plugin: ViaVersion-3.0.0-SNAPSHOT.jar - cache allowed:True;-;
2020/05/23;14:44:48:0606;Fine;InstalledPlugins;Loaded plugin 13 of 13 : ViaVersion-3.0.0-SNAPSHOT.jar;-;
2020/05/23;14:44:48:0658;Warning;AdvancedWebClient;Could not download data from http://api.bukget.org/3/plugins?fields=slug,plugin_name,description,versions.version,versions.game_versions,main&sort=-popularity.weekly&start=0&size=20 : WebException/Unknown : 無法解析遠端名稱: 'api.bukget.org';-;
2020/05/23;14:44:48:0658;Fine;BukGetAPI;Starting parse of plugin list...;-;
2020/05/23;14:44:48:0658;Warning;BukGetAPI;No elements in list, cannot parse plugin list;-;
2020/05/23;14:44:48:0658;Fine;BukGetAPI;All plugins loaded;-;
2020/05/23;14:44:49:0196;Fine;mainform;Starting to load mainform;-;
2020/05/23;14:44:49:0196;Fine;mainform;Mainform window handle saved!;-;
2020/05/23;14:44:49:0247;Fine;mainform;Setting User Interface for server type Bukkit;-;
2020/05/23;14:44:49:0248;Fine;fxml - config;Requested XML element: bukkit_get_version - Value: true;-;
2020/05/23;14:44:49:0249;Fine;fxml - config;Saved XML element: bukkit_get_version - Value: true;-;
2020/05/23;14:44:49:0252;Fine;fxml - config;Requested XML element: jre - Value: 6;-;
2020/05/23;14:44:49:0252;Fine;fxml - config;Requested XML element: server - Value: 4;-;
2020/05/23;14:44:49:0252;Fine;mainform;Setting User Interface for server type Spigot;-;
2020/05/23;14:44:49:0263;Fine;fxml - config;Requested XML element: minram - Value: 1024;-;
2020/05/23;14:44:49:0264;Fine;fxml - config;Requested XML element: maxram - Value: 4096;-;
2020/05/23;14:44:49:0265;Fine;fxml - config;Requested XML element: jar - Value: D:\JacobLinCool\Github\HSNU-1481-Minecraft-Server\spigot-1.15.1.jar;-;
2020/05/23;14:44:49:0266;Fine;fxml - config;Requested XML element: custom_args - Value: -DIReallyKnowWhatIAmDoingISwear;-;
2020/05/23;14:44:49:0267;Fine;fxml - config;Saved XML element: custom_args - Value: -DIReallyKnowWhatIAmDoingISwear;-;
2020/05/23;14:44:49:0267;Fine;fxml - config;Requested XML element: custom_switch - Value: ;-;
2020/05/23;14:44:49:0267;Fine;fxml - config;Requested XML element: remote_host - Value: ;-;
2020/05/23;14:44:49:0267;Fine;fxml - config;Requested XML element: remote_username - Value: ;-;
2020/05/23;14:44:49:0267;Fine;fxml - config;Requested XML element: remote_port - Value: 20059;-;
2020/05/23;14:44:49:0267;Fine;fxml - config;Requested XML element: remote_password - Value: ********;-;
2020/05/23;14:44:49:0267;Fine;fxml - config;Requested XML element: remote_salt - Value: ********;-;
2020/05/23;14:44:49:0267;Fine;fxml - config;Requested XML element: bukkit_get_version - Value: true;-;
2020/05/23;14:44:49:0267;Fine;fxml - config;Requested XML element: bukkit_auto_update - Value: false;-;
2020/05/23;14:44:49:0268;Fine;mainform;Loading plugin installer items;-;
2020/05/23;14:44:49:0269;Fine;BukGetAPI;Getting categories;-;
2020/05/23;14:44:49:0269;Fine;AdvancedWebClient;Retrieving contents from api.bukget.org;-;
2020/05/23;14:44:49:0343;Warning;AdvancedWebClient;Could not download data from http://api.bukget.org/3/categories/ : WebException/Unknown : 無法解析遠端名稱: 'api.bukget.org';-;
2020/05/23;14:44:49:0343;Warning;mainform;Couldn't load plugin categories!;並未將物件參考設定為物件的執行個體;
2020/05/23;14:44:49:0347;Fine;mainform;Refreshing installed plugins... (13);mainform-pluginmanager;
2020/05/23;14:44:49:0351;Fine;mainform;Updated installed plugins list;mainform-pluginmanager;
2020/05/23;14:44:49:0353;Fine;mainform;Loading info items;-;
2020/05/23;14:44:49:0393;Fine;AdvancedWebClient;Retrieving contents from geoip.bertware.net;-;
2020/05/23;14:44:49:0393;Fine;fxml - config;Requested XML element: time - Value: 500;-;
2020/05/23;14:44:49:0393;Fine;fxml - config;Requested XML element: join - Value: false;-;
2020/05/23;14:44:49:0393;Fine;fxml - config;Requested XML element: disconnect - Value: false;-;
2020/05/23;14:44:49:0393;Fine;fxml - config;Requested XML element: warning - Value: false;-;
2020/05/23;14:44:49:0393;Fine;fxml - config;Requested XML element: severe - Value: false;-;
2020/05/23;14:44:49:0393;Fine;fxml - config;Requested XML element: always - Value: false;-;
2020/05/23;14:44:49:0393;Fine;fxml - config;Requested XML element: minimize - Value: false;-;
2020/05/23;14:44:49:0396;Fine;fxml - config;Requested XML element: language - Value: D:\JacobLinCool\Github\HSNU-1481-Minecraft-Server\BukkitGUI\Localization/traditionalChinese.xml;-;
2020/05/23;14:44:49:0399;Fine;fxml - config;Requested XML element: auto_update - Value: false;-;
2020/05/23;14:44:49:0399;Fine;fxml - config;Requested XML element: enable_tabplayers - Value: true;-;
2020/05/23;14:44:49:0400;Fine;fxml - config;Requested XML element: enable_taberrorlogging - Value: true;-;
2020/05/23;14:44:49:0401;Fine;fxml - config;Requested XML element: enable_tabtaskmanager - Value: true;-;
2020/05/23;14:44:49:0402;Fine;fxml - config;Requested XML element: enable_tabplugins - Value: true;-;
2020/05/23;14:44:49:0403;Fine;fxml - config;Requested XML element: enable_tabserveroptions - Value: true;-;
2020/05/23;14:44:49:0410;Fine;fxml - config;Saved XML element: time - Value: true;-;
2020/05/23;14:44:49:0660;Fine;fxml - config;Requested XML element: font_name - Value: Noto Sans TC Regular;-;
2020/05/23;14:44:49:0660;Fine;fxml - config;Requested XML element: font_size - Value: 10;-;
2020/05/23;14:44:49:0660;Fine;fxml - config;Requested XML element: utf_8_compatibility - Value: true;-;
2020/05/23;14:44:49:0661;Fine;fxml - config;Saved XML element: utf_8_compatibility - Value: true;-;
2020/05/23;14:44:49:0680;Fine;ServerSettings;Reading server settings from D:\JacobLinCool\Github\HSNU-1481-Minecraft-Server/server.properties;-;
2020/05/23;14:44:49:0681;Fine;fxml - config;Requested XML element: autostart - Value: true;-;
2020/05/23;14:44:49:0682;Fine;fxml - config;Saved XML element: autostart - Value: true;-;
2020/05/23;14:44:49:0686;Warning;AdvancedWebClient;Could not download data from http://geoip.bertware.net/me : WebException/Unknown : 無法解析遠端名稱: 'geoip.bertware.net';-;
2020/05/23;14:44:49:0707;Fine;Mainform;Starting new server - selected type:Spigot;-;
2020/05/23;14:44:49:0710;Fine;mainform;Validating settings for server type Spigot;-;
2020/05/23;14:44:49:0710;Fine;mainform;Validated settings, result:True;-;
2020/05/23;14:44:49:0710;Fine;Mainform;Starting new spigot server...;-;
2020/05/23;14:44:49:0720;Fine;fxml - config;Requested XML element: alternative_java - Value: C:\Program Files\Java\jre1.8.0_241\bin\java.exe;-;
2020/05/23;14:44:49:0720;Fine;fxml - config;Requested XML element: utf_8_compatibility - Value: true;-;
2020/05/23;14:44:49:0724;Fine;Server;Starting server (java);server;
2020/05/23;14:44:49:0724;Fine;Server;Executable:C:\Program Files\Java\jre1.8.0_241\bin\java.exe;Server-StartJavaServer;
2020/05/23;14:44:49:0724;Fine;Server;Jar:D:\JacobLinCool\Github\HSNU-1481-Minecraft-Server\spigot-1.15.1.jar;Server-StartJavaServer;
2020/05/23;14:44:49:0724;Fine;Server;Options:-Xms1024M -Xmx4096M  -Duser.language=en -XX:MaxPermSize=128M -Dfile.encoding=utf-8 ;Server-StartJavaServer;
2020/05/23;14:44:49:0724;Fine;Server;Flags:-nojline;Server-StartJavaServer;
2020/05/23;14:44:49:0724;Fine;Server;Total argument:-Xms1024M -Xmx4096M -Duser.language=en -XX:MaxPermSize=128M -Dfile.encoding=utf-8 -DIReallyKnowWhatIAmDoingISwear -jar "D:\JacobLinCool\Github\HSNU-1481-Minecraft-Server\spigot-1.15.1.jar" -nojline;Server-StartJavaServer;
2020/05/23;14:44:49:0779;Fine;Server;Starting process;-;
2020/05/23;14:44:49:0784;Fine;Server;Process started;-;
2020/05/23;14:44:49:0786;Fine;Server;Initializing handling for new server;-;
2020/05/23;14:44:49:0786;Fine;Server;New server initialized;-;
2020/05/23;14:44:49:0786;Fine;Server;Server started succesfully;-;
2020/05/23;14:44:49:0793;Fine;ServerSettings;Reading server settings from D:\JacobLinCool\Github\HSNU-1481-Minecraft-Server/server.properties;-;
2020/05/23;14:44:49:0798;Fine;fxml - config;Requested XML element: spamfilter - Value: ;-;
2020/05/23;14:44:49:0798;Fine;fxml - config;Requested XML element: minotar_size - Value: 32;-;
2020/05/23;14:44:49:0798;Fine;fxml - config;Requested XML element: minotar_source - Value: http://minotar.net;-;
2020/05/23;14:44:49:0848;Fine;mainform;Error thread started...;-;
2020/05/23;14:44:49:0848;Fine;mainform;Error thread started...;-;
2020/05/23;14:44:49:0848;Fine;mainform;Output thread started...;-;
2020/05/23;14:44:49:0848;Info;mainform;thd_read_output exited;-;
2020/05/23;14:44:49:0848;Info;server;The server has stopped... Cleaning up...;-;
2020/05/23;14:44:49:0966;Fine;mainform;Adding 0 Items to BukGet Plugin list;thds_SetBukgetPlugins;
2020/05/23;14:44:49:0967;Fine;mainform;finished to load mainform;-;
2020/05/23;14:44:50:0009;Fine;Splashscreen;Application initialized, Closing splashscreen;-;
2020/05/23;14:44:50:0013;Info;mainform;The server has stopped. Updating UI;-;
2020/05/23;14:44:50:0030;Info;mainform;The server has stopped. Updated UI;-;
2020/05/23;14:44:50:0030;Info;server;The server has stopped... Cleanup finished;-;
2020/05/23;14:44:50:0030;Info;mainform;thd_read_error exited;-;
2020/05/23;14:44:50:0172;Warning;dlb;Could not create dlb_download object, xml invalid. Xml:;-;
2020/05/23;14:44:50:0172;Fine;BukkitTools;Fetched latest recommended bukkit version (0);-;
2020/05/23;14:44:51:0507;Warning;dlb;Could not create dlb_download object, xml invalid. Xml:;-;
2020/05/23;14:44:51:0507;Fine;BukkitTools;Fetched latest beta bukkit version (0);-;
2020/05/23;14:44:52:0627;Warning;dlb;Could not create dlb_download object, xml invalid. Xml:;-;
2020/05/23;14:44:52:0627;Fine;BukkitTools;Fetched latest dev bukkit version (0);-;
2020/05/23;14:44:59:0520;Fine;fxml - config;Saved XML element: jar - Value: D:\JacobLinCool\Github\HSNU-1481-Minecraft-Server\spigot-1.15.2.jar;-;
2020/05/23;14:45:08:0931;Fine;fxml - config;Saved XML element: custom_switch - Value: n;-;
2020/05/23;14:45:09:0055;Fine;fxml - config;Saved XML element: custom_switch - Value: no;-;
2020/05/23;14:45:09:0375;Fine;fxml - config;Saved XML element: custom_switch - Value: nog;-;
2020/05/23;14:45:09:0621;Fine;fxml - config;Saved XML element: custom_switch - Value: nogu;-;
2020/05/23;14:45:09:0799;Fine;fxml - config;Saved XML element: custom_switch - Value: nogui;-;
2020/05/23;14:45:09:0802;Fine;fxml - config;Saved XML element: custom_switch - Value: noguiu;-;
2020/05/23;14:45:11:0146;Fine;fxml - config;Saved XML element: custom_switch - Value: nogui;-;
2020/05/23;14:45:23:0307;Fine;Mainform;Starting new server - selected type:Spigot;-;
2020/05/23;14:45:23:0308;Fine;mainform;Validating settings for server type Spigot;-;
2020/05/23;14:45:23:0308;Fine;mainform;Validated settings, result:True;-;
2020/05/23;14:45:23:0308;Fine;Mainform;Starting new spigot server...;-;
2020/05/23;14:45:23:0311;Fine;fxml - config;Requested XML element: alternative_java - Value: C:\Program Files\Java\jre1.8.0_241\bin\java.exe;-;
2020/05/23;14:45:23:0311;Fine;fxml - config;Requested XML element: utf_8_compatibility - Value: true;-;
2020/05/23;14:45:23:0311;Fine;Server;Starting server (java);server;
2020/05/23;14:45:23:0311;Fine;Server;Executable:C:\Program Files\Java\jre1.8.0_241\bin\java.exe;Server-StartJavaServer;
2020/05/23;14:45:23:0311;Fine;Server;Jar:D:\JacobLinCool\Github\HSNU-1481-Minecraft-Server\spigot-1.15.2.jar;Server-StartJavaServer;
2020/05/23;14:45:23:0311;Fine;Server;Options:-Xms1024M -Xmx4096M  -Duser.language=en -XX:MaxPermSize=128M -Dfile.encoding=utf-8 ;Server-StartJavaServer;
2020/05/23;14:45:23:0311;Fine;Server;Flags:-nojline;Server-StartJavaServer;
2020/05/23;14:45:23:0311;Fine;Server;Total argument:-Xms1024M -Xmx4096M -Duser.language=en -XX:MaxPermSize=128M -Dfile.encoding=utf-8 -DIReallyKnowWhatIAmDoingISwear -jar "D:\JacobLinCool\Github\HSNU-1481-Minecraft-Server\spigot-1.15.2.jar" -nojline nogui;Server-StartJavaServer;
2020/05/23;14:45:23:0369;Fine;Server;Starting process;-;
2020/05/23;14:45:23:0375;Fine;Server;Process started;-;
2020/05/23;14:45:23:0375;Fine;Server;Initializing handling for new server;-;
2020/05/23;14:45:23:0375;Fine;Server;New server initialized;-;
2020/05/23;14:45:23:0375;Fine;Server;Server started succesfully;-;
2020/05/23;14:45:23:0378;Fine;ServerSettings;Reading server settings from D:\JacobLinCool\Github\HSNU-1481-Minecraft-Server/server.properties;-;
2020/05/23;14:45:23:0430;Fine;mainform;Error thread started...;-;
2020/05/23;14:45:23:0431;Fine;mainform;Output thread started...;-;
2020/05/23;14:45:29:0888;Fine;ServerSettings;Reading server settings from D:\JacobLinCool\Github\HSNU-1481-Minecraft-Server/server.properties;-;
2020/05/23;14:48:22:0155;Fine;mainform;Stopping server...;stop_server();
2020/05/23;14:48:23:0934;Fine;ServerSettings;Reading server settings from D:\JacobLinCool\Github\HSNU-1481-Minecraft-Server/server.properties;-;
2020/05/23;14:48:24:0770;Info;server;The server has stopped... Cleaning up...;-;
2020/05/23;14:48:24:0774;Info;mainform;The server has stopped. Updating UI;-;
2020/05/23;14:48:24:0792;Info;mainform;The server has stopped. Updated UI;-;
2020/05/23;14:48:24:0792;Info;server;The server has stopped... Cleanup finished;-;
2020/05/23;14:48:24:0792;Info;mainform;thd_read_error exited;-;
2020/05/23;14:48:24:0886;Info;mainform;thd_read_output exited;-;
2020/05/23;14:48:30:0370;Fine;ServerSettings;Writing server settings to D:\JacobLinCool\Github\HSNU-1481-Minecraft-Server/server.properties;-;
2020/05/23;14:48:30:0371;Fine;ServerSettings;Reading server settings from D:\JacobLinCool\Github\HSNU-1481-Minecraft-Server/server.properties;-;
2020/05/23;14:48:32:0554;Fine;Mainform;Starting new server - selected type:Spigot;-;
2020/05/23;14:48:32:0557;Fine;mainform;Validating settings for server type Spigot;-;
2020/05/23;14:48:32:0557;Fine;mainform;Validated settings, result:True;-;
2020/05/23;14:48:32:0557;Fine;Mainform;Starting new spigot server...;-;
2020/05/23;14:48:32:0559;Fine;fxml - config;Requested XML element: alternative_java - Value: C:\Program Files\Java\jre1.8.0_241\bin\java.exe;-;
2020/05/23;14:48:32:0559;Fine;fxml - config;Requested XML element: utf_8_compatibility - Value: true;-;
2020/05/23;14:48:32:0559;Fine;Server;Starting server (java);server;
2020/05/23;14:48:32:0559;Fine;Server;Executable:C:\Program Files\Java\jre1.8.0_241\bin\java.exe;Server-StartJavaServer;
2020/05/23;14:48:32:0559;Fine;Server;Jar:D:\JacobLinCool\Github\HSNU-1481-Minecraft-Server\spigot-1.15.2.jar;Server-StartJavaServer;
2020/05/23;14:48:32:0559;Fine;Server;Options:-Xms1024M -Xmx4096M  -Duser.language=en -XX:MaxPermSize=128M -Dfile.encoding=utf-8 ;Server-StartJavaServer;
2020/05/23;14:48:32:0559;Fine;Server;Flags:-nojline;Server-StartJavaServer;
2020/05/23;14:48:32:0559;Fine;Server;Total argument:-Xms1024M -Xmx4096M -Duser.language=en -XX:MaxPermSize=128M -Dfile.encoding=utf-8 -DIReallyKnowWhatIAmDoingISwear -jar "D:\JacobLinCool\Github\HSNU-1481-Minecraft-Server\spigot-1.15.2.jar" -nojline nogui;Server-StartJavaServer;
2020/05/23;14:48:32:0616;Fine;Server;Starting process;-;
2020/05/23;14:48:32:0623;Fine;Server;Process started;-;
2020/05/23;14:48:32:0623;Fine;Server;Initializing handling for new server;-;
2020/05/23;14:48:32:0623;Fine;Server;New server initialized;-;
2020/05/23;14:48:32:0623;Fine;Server;Server started succesfully;-;
2020/05/23;14:48:32:0628;Fine;ServerSettings;Reading server settings from D:\JacobLinCool\Github\HSNU-1481-Minecraft-Server/server.properties;-;
2020/05/23;14:48:32:0681;Fine;mainform;Error thread started...;-;
2020/05/23;14:48:32:0681;Fine;mainform;Error thread started...;-;
2020/05/23;14:48:32:0681;Fine;mainform;Output thread started...;-;
2020/05/23;14:49:06:0352;Fine;Mainform;Player joined, event catched by UI. Player:Jacoblin2014;-;
2020/05/23;14:49:06:0360;Fine;mainform;Getting additional details for player Jacoblin2014(0);-;
2020/05/23;14:49:06:0364;Fine;ServerInteraction;Getting minotar for Jacoblin2014;-;
2020/05/23;14:49:06:0458;Fine;ServerInteraction;Minotar Url: http://minotar.net/helm/Jacoblin2014/32.png;-;
2020/05/23;14:49:06:0590;Fine;ServerInteraction;Function done... Returning result;-;
2020/05/23;14:49:06:0590;Fine;Mainform;Avatar loaded;-;
2020/05/23;14:49:06:0591;Fine;AdvancedWebClient;Retrieving contents from geoip.bertware.net;-;
2020/05/23;14:49:06:0694;Warning;AdvancedWebClient;Could not download data from http://geoip.bertware.net/192.168.50.1 : WebException/Unknown : 無法解析遠端名稱: 'geoip.bertware.net';-;
2020/05/23;14:49:06:0694;Fine;Mainform;Location loaded;-;
2020/05/23;14:49:06:0702;Fine;Mainform;Updating player Jacoblin2014  in listviews;-;
2020/05/23;14:49:06:0704;Fine;Mainform;Player updated;-;
2020/05/23;14:52:57:0732;Fine;ServerSettings;Reading server settings from D:\JacobLinCool\Github\HSNU-1481-Minecraft-Server/server.properties;-;
2020/05/23;14:54:23:0554;Fine;Mainform;Player joined, event catched by UI. Player:Verethragna0;-;
2020/05/23;14:54:23:0569;Fine;mainform;Getting additional details for player Verethragna0(1);-;
2020/05/23;14:54:23:0570;Fine;ServerInteraction;Getting minotar for Verethragna0;-;
2020/05/23;14:54:23:0690;Fine;ServerInteraction;Minotar Url: http://minotar.net/helm/Verethragna0/32.png;-;
2020/05/23;14:54:24:0509;Fine;ServerInteraction;Function done... Returning result;-;
2020/05/23;14:54:24:0509;Fine;Mainform;Avatar loaded;-;
2020/05/23;14:54:24:0509;Fine;AdvancedWebClient;Retrieving contents from geoip.bertware.net;-;
2020/05/23;14:54:24:0594;Warning;AdvancedWebClient;Could not download data from http://geoip.bertware.net/219.91.103.214 : WebException/Unknown : 無法解析遠端名稱: 'geoip.bertware.net';-;
2020/05/23;14:54:24:0594;Fine;Mainform;Location loaded;-;
2020/05/23;14:54:24:0594;Fine;Mainform;Updating player Verethragna0  in listviews;-;
2020/05/23;14:54:24:0597;Fine;Mainform;Player updated;-;
2020/05/23;14:54:26:0937;Fine;Mainform;Player joined, event catched by UI. Player:sdfgh;-;
2020/05/23;14:54:26:0947;Fine;mainform;Getting additional details for player sdfgh(2);-;
2020/05/23;14:54:26:0948;Fine;ServerInteraction;Getting minotar for sdfgh;-;
2020/05/23;14:54:27:0121;Fine;ServerInteraction;Minotar Url: http://minotar.net/helm/sdfgh/32.png;-;
2020/05/23;14:54:27:0880;Fine;ServerInteraction;Function done... Returning result;-;
2020/05/23;14:54:27:0880;Fine;Mainform;Avatar loaded;-;
2020/05/23;14:54:27:0880;Fine;AdvancedWebClient;Retrieving contents from geoip.bertware.net;-;
2020/05/23;14:54:27:0959;Warning;AdvancedWebClient;Could not download data from http://geoip.bertware.net/220.130.10.184 : WebException/Unknown : 無法解析遠端名稱: 'geoip.bertware.net';-;
2020/05/23;14:54:27:0959;Fine;Mainform;Location loaded;-;
2020/05/23;14:54:27:0959;Fine;Mainform;Updating player sdfgh  in listviews;-;
2020/05/23;14:54:27:0960;Fine;Mainform;Player updated;-;
2020/05/23;14:56:06:0060;Fine;Mainform;Player joined, event catched by UI. Player:Hyper_Hibiki;-;
2020/05/23;14:56:06:0065;Fine;mainform;Getting additional details for player Hyper_Hibiki(3);-;
2020/05/23;14:56:06:0065;Fine;ServerInteraction;Getting minotar for Hyper_Hibiki;-;
2020/05/23;14:56:06:0185;Fine;ServerInteraction;Minotar Url: http://minotar.net/helm/Hyper_Hibiki/32.png;-;
2020/05/23;14:56:06:0898;Fine;ServerInteraction;Function done... Returning result;-;
2020/05/23;14:56:06:0898;Fine;Mainform;Avatar loaded;-;
2020/05/23;14:56:06:0898;Fine;AdvancedWebClient;Retrieving contents from geoip.bertware.net;-;
2020/05/23;14:56:06:0980;Warning;AdvancedWebClient;Could not download data from http://geoip.bertware.net/111.251.47.197 : WebException/Unknown : 無法解析遠端名稱: 'geoip.bertware.net';-;
2020/05/23;14:56:06:0980;Fine;Mainform;Location loaded;-;
2020/05/23;14:56:06:0980;Fine;Mainform;Updating player Hyper_Hibiki  in listviews;-;
2020/05/23;14:56:06:0981;Fine;Mainform;Player updated;-;
2020/05/23;14:56:24:0429;Fine;mainform;Player disconnected, event catched by UI. Player:Verethragna0;hnd_PlayerDisconnect();
2020/05/23;14:56:24:0434;Fine;Mainform;Removed player from player list;-;
2020/05/23;14:56:24:0436;Fine;Mainform;Removed player from UI general player list;-;
2020/05/23;14:56:24:0437;Fine;Mainform;Removed player from UI players player list;-;
2020/05/23;14:56:24:0437;Fine;Mainform;Removed player avatar from imagelist;-;
2020/05/23;14:56:24:0437;Fine;Mainform;Finished player removal;-;
2020/05/23;14:56:24:0437;Fine;Mainform;Finished player removal;-;
2020/05/23;14:57:01:0415;Fine;Mainform;Player joined, event catched by UI. Player:Verethragna0;-;
2020/05/23;14:57:01:0425;Fine;mainform;Getting additional details for player Verethragna0(3);-;
2020/05/23;14:57:01:0425;Fine;ServerInteraction;Getting minotar for Verethragna0;-;
2020/05/23;14:57:01:0521;Fine;ServerInteraction;Minotar Url: http://minotar.net/helm/Verethragna0/32.png;-;
2020/05/23;14:57:01:0599;Fine;ServerInteraction;Function done... Returning result;-;
2020/05/23;14:57:01:0599;Fine;Mainform;Avatar loaded;-;
2020/05/23;14:57:01:0599;Fine;AdvancedWebClient;Retrieving contents from geoip.bertware.net;-;
2020/05/23;14:57:01:0681;Warning;AdvancedWebClient;Could not download data from http://geoip.bertware.net/219.91.103.214 : WebException/Unknown : 無法解析遠端名稱: 'geoip.bertware.net';-;
2020/05/23;14:57:01:0681;Fine;Mainform;Location loaded;-;
2020/05/23;14:57:01:0681;Fine;Mainform;Updating player Verethragna0  in listviews;-;
2020/05/23;14:57:01:0682;Fine;Mainform;Player updated;-;
2020/05/23;14:57:33:0347;Fine;Mainform;Player joined, event catched by UI. Player:takeka729;-;
2020/05/23;14:57:33:0350;Fine;mainform;Getting additional details for player takeka729(4);-;
2020/05/23;14:57:33:0350;Fine;ServerInteraction;Getting minotar for takeka729;-;
2020/05/23;14:57:33:0474;Fine;ServerInteraction;Minotar Url: http://minotar.net/helm/takeka729/32.png;-;
2020/05/23;14:57:34:0769;Fine;ServerInteraction;Function done... Returning result;-;
2020/05/23;14:57:34:0769;Fine;Mainform;Avatar loaded;-;
2020/05/23;14:57:34:0769;Fine;AdvancedWebClient;Retrieving contents from geoip.bertware.net;-;
2020/05/23;14:57:34:0853;Warning;AdvancedWebClient;Could not download data from http://geoip.bertware.net/111.248.199.27 : WebException/Unknown : 無法解析遠端名稱: 'geoip.bertware.net';-;
2020/05/23;14:57:34:0853;Fine;Mainform;Location loaded;-;
2020/05/23;14:57:34:0853;Fine;Mainform;Updating player takeka729  in listviews;-;
2020/05/23;14:57:34:0854;Fine;Mainform;Player updated;-;
2020/05/23;14:59:01:0427;Fine;mainform;Player disconnected, event catched by UI. Player:Verethragna0;hnd_PlayerDisconnect();
2020/05/23;14:59:01:0431;Fine;Mainform;Removed player from player list;-;
2020/05/23;14:59:01:0435;Fine;Mainform;Removed player from UI general player list;-;
2020/05/23;14:59:01:0438;Fine;Mainform;Removed player from UI players player list;-;
2020/05/23;14:59:01:0439;Fine;Mainform;Removed player avatar from imagelist;-;
2020/05/23;14:59:01:0439;Fine;Mainform;Finished player removal;-;
2020/05/23;14:59:01:0439;Fine;Mainform;Finished player removal;-;
2020/05/23;14:59:06:0292;Fine;Mainform;Player joined, event catched by UI. Player:Verethragna0;-;
2020/05/23;14:59:06:0296;Fine;mainform;Getting additional details for player Verethragna0(4);-;
2020/05/23;14:59:06:0296;Fine;ServerInteraction;Getting minotar for Verethragna0;-;
2020/05/23;14:59:06:0377;Fine;ServerInteraction;Minotar Url: http://minotar.net/helm/Verethragna0/32.png;-;
2020/05/23;14:59:06:0464;Fine;ServerInteraction;Function done... Returning result;-;
2020/05/23;14:59:06:0464;Fine;Mainform;Avatar loaded;-;
2020/05/23;14:59:06:0464;Fine;AdvancedWebClient;Retrieving contents from geoip.bertware.net;-;
2020/05/23;14:59:06:0550;Warning;AdvancedWebClient;Could not download data from http://geoip.bertware.net/219.91.103.214 : WebException/Unknown : 無法解析遠端名稱: 'geoip.bertware.net';-;
2020/05/23;14:59:06:0550;Fine;Mainform;Location loaded;-;
2020/05/23;14:59:06:0550;Fine;Mainform;Updating player Verethragna0  in listviews;-;
2020/05/23;14:59:06:0551;Fine;Mainform;Player updated;-;
2020/05/23;15:01:06:0426;Fine;mainform;Player disconnected, event catched by UI. Player:Verethragna0;hnd_PlayerDisconnect();
2020/05/23;15:01:06:0432;Fine;Mainform;Removed player from player list;-;
2020/05/23;15:01:06:0432;Fine;Mainform;Removed player from UI general player list;-;
2020/05/23;15:01:06:0432;Fine;Mainform;Removed player from UI players player list;-;
2020/05/23;15:01:06:0433;Fine;Mainform;Removed player avatar from imagelist;-;
2020/05/23;15:01:06:0433;Fine;Mainform;Finished player removal;-;
2020/05/23;15:01:06:0433;Fine;Mainform;Finished player removal;-;
2020/05/23;15:01:10:0352;Fine;Mainform;Player joined, event catched by UI. Player:Verethragna0;-;
2020/05/23;15:01:10:0357;Fine;mainform;Getting additional details for player Verethragna0(4);-;
2020/05/23;15:01:10:0357;Fine;ServerInteraction;Getting minotar for Verethragna0;-;
2020/05/23;15:01:10:0439;Fine;ServerInteraction;Minotar Url: http://minotar.net/helm/Verethragna0/32.png;-;
2020/05/23;15:01:10:0578;Fine;ServerInteraction;Function done... Returning result;-;
2020/05/23;15:01:10:0578;Fine;Mainform;Avatar loaded;-;
2020/05/23;15:01:10:0578;Fine;AdvancedWebClient;Retrieving contents from geoip.bertware.net;-;
2020/05/23;15:01:11:0186;Warning;AdvancedWebClient;Could not download data from http://geoip.bertware.net/219.91.103.214 : WebException/Unknown : 無法解析遠端名稱: 'geoip.bertware.net';-;
2020/05/23;15:01:11:0186;Fine;Mainform;Location loaded;-;
2020/05/23;15:01:11:0186;Fine;Mainform;Updating player Verethragna0  in listviews;-;
2020/05/23;15:01:11:0187;Fine;Mainform;Player updated;-;
2020/05/23;15:26:35:0489;Fine;mainform;Player disconnected, event catched by UI. Player:takeka729;hnd_PlayerDisconnect();
2020/05/23;15:26:35:0494;Fine;Mainform;Removed player from player list;-;
2020/05/23;15:26:35:0494;Fine;Mainform;Removed player from UI general player list;-;
2020/05/23;15:26:35:0494;Fine;Mainform;Removed player from UI players player list;-;
2020/05/23;15:26:35:0495;Fine;Mainform;Removed player avatar from imagelist;-;
2020/05/23;15:26:35:0495;Fine;Mainform;Finished player removal;-;
2020/05/23;15:26:35:0495;Fine;Mainform;Finished player removal;-;
2020/05/23;15:26:39:0377;Fine;Mainform;Player joined, event catched by UI. Player:takeka729;-;
2020/05/23;15:26:39:0385;Fine;mainform;Getting additional details for player takeka729(4);-;
2020/05/23;15:26:39:0385;Fine;ServerInteraction;Getting minotar for takeka729;-;
2020/05/23;15:26:39:0466;Fine;ServerInteraction;Minotar Url: http://minotar.net/helm/takeka729/32.png;-;
2020/05/23;15:26:39:0600;Fine;ServerInteraction;Function done... Returning result;-;
2020/05/23;15:26:39:0600;Fine;Mainform;Avatar loaded;-;
2020/05/23;15:26:39:0600;Fine;AdvancedWebClient;Retrieving contents from geoip.bertware.net;-;
2020/05/23;15:26:40:0203;Warning;AdvancedWebClient;Could not download data from http://geoip.bertware.net/111.248.199.27 : WebException/Unknown : 無法解析遠端名稱: 'geoip.bertware.net';-;
2020/05/23;15:26:40:0203;Fine;Mainform;Location loaded;-;
2020/05/23;15:26:40:0203;Fine;Mainform;Updating player takeka729  in listviews;-;
2020/05/23;15:26:40:0204;Fine;Mainform;Player updated;-;
2020/05/23;15:26:58:0382;Fine;mainform;Player disconnected, event catched by UI. Player:takeka729;hnd_PlayerDisconnect();
2020/05/23;15:26:58:0404;Fine;Mainform;Removed player from player list;-;
2020/05/23;15:26:58:0404;Fine;Mainform;Removed player from UI general player list;-;
2020/05/23;15:26:58:0404;Fine;Mainform;Removed player from UI players player list;-;
2020/05/23;15:26:58:0404;Fine;Mainform;Removed player avatar from imagelist;-;
2020/05/23;15:26:58:0404;Fine;Mainform;Finished player removal;-;
2020/05/23;15:26:58:0404;Fine;Mainform;Finished player removal;-;
2020/05/23;15:27:05:0777;Fine;Mainform;Player joined, event catched by UI. Player:takeka729;-;
2020/05/23;15:27:05:0784;Fine;mainform;Getting additional details for player takeka729(4);-;
2020/05/23;15:27:05:0784;Fine;ServerInteraction;Getting minotar for takeka729;-;
2020/05/23;15:27:05:0869;Fine;ServerInteraction;Minotar Url: http://minotar.net/helm/takeka729/32.png;-;
2020/05/23;15:27:05:0931;Fine;ServerInteraction;Function done... Returning result;-;
2020/05/23;15:27:05:0931;Fine;Mainform;Avatar loaded;-;
2020/05/23;15:27:05:0931;Fine;AdvancedWebClient;Retrieving contents from geoip.bertware.net;-;
2020/05/23;15:27:06:0022;Warning;AdvancedWebClient;Could not download data from http://geoip.bertware.net/111.248.199.27 : WebException/Unknown : 無法解析遠端名稱: 'geoip.bertware.net';-;
2020/05/23;15:27:06:0022;Fine;Mainform;Location loaded;-;
2020/05/23;15:27:06:0022;Fine;Mainform;Updating player takeka729  in listviews;-;
2020/05/23;15:27:06:0023;Fine;Mainform;Player updated;-;
2020/05/23;15:27:52:0580;Fine;mainform;Player disconnected, event catched by UI. Player:takeka729;hnd_PlayerDisconnect();
2020/05/23;15:27:52:0590;Fine;Mainform;Removed player from player list;-;
2020/05/23;15:27:52:0591;Fine;Mainform;Removed player from UI general player list;-;
2020/05/23;15:27:52:0591;Fine;Mainform;Removed player from UI players player list;-;
2020/05/23;15:27:52:0591;Fine;Mainform;Removed player avatar from imagelist;-;
2020/05/23;15:27:52:0591;Fine;Mainform;Finished player removal;-;
2020/05/23;15:27:52:0591;Fine;Mainform;Finished player removal;-;
2020/05/23;15:28:29:0170;Fine;Mainform;Player joined, event catched by UI. Player:takeka729;-;
2020/05/23;15:28:29:0177;Fine;mainform;Getting additional details for player takeka729(4);-;
2020/05/23;15:28:29:0177;Fine;ServerInteraction;Getting minotar for takeka729;-;
2020/05/23;15:28:29:0268;Fine;ServerInteraction;Minotar Url: http://minotar.net/helm/takeka729/32.png;-;
2020/05/23;15:28:29:0328;Fine;ServerInteraction;Function done... Returning result;-;
2020/05/23;15:28:29:0328;Fine;Mainform;Avatar loaded;-;
2020/05/23;15:28:29:0328;Fine;AdvancedWebClient;Retrieving contents from geoip.bertware.net;-;
2020/05/23;15:28:29:0412;Warning;AdvancedWebClient;Could not download data from http://geoip.bertware.net/111.248.199.27 : WebException/Unknown : 無法解析遠端名稱: 'geoip.bertware.net';-;
2020/05/23;15:28:29:0412;Fine;Mainform;Location loaded;-;
2020/05/23;15:28:29:0412;Fine;Mainform;Updating player takeka729  in listviews;-;
2020/05/23;15:28:29:0413;Fine;Mainform;Player updated;-;
2020/05/23;15:34:12:0992;Fine;mainform;Player disconnected, event catched by UI. Player:Jacoblin2014;hnd_PlayerDisconnect();
2020/05/23;15:34:12:0998;Fine;Mainform;Removed player from player list;-;
2020/05/23;15:34:12:0998;Fine;Mainform;Removed player from UI general player list;-;
2020/05/23;15:34:12:0998;Fine;Mainform;Removed player from UI players player list;-;
2020/05/23;15:34:12:0999;Fine;Mainform;Removed player avatar from imagelist;-;
2020/05/23;15:34:12:0999;Fine;Mainform;Finished player removal;-;
2020/05/23;15:34:12:0999;Fine;Mainform;Finished player removal;-;
2020/05/23;15:34:17:0088;Fine;Mainform;Player joined, event catched by UI. Player:Jacoblin2014;-;
2020/05/23;15:34:17:0101;Fine;mainform;Getting additional details for player Jacoblin2014(4);-;
2020/05/23;15:34:17:0101;Fine;ServerInteraction;Getting minotar for Jacoblin2014;-;
2020/05/23;15:34:17:0204;Fine;ServerInteraction;Minotar Url: http://minotar.net/helm/Jacoblin2014/32.png;-;
2020/05/23;15:34:17:0575;Fine;ServerInteraction;Function done... Returning result;-;
2020/05/23;15:34:17:0575;Fine;Mainform;Avatar loaded;-;
2020/05/23;15:34:17:0575;Fine;AdvancedWebClient;Retrieving contents from geoip.bertware.net;-;
2020/05/23;15:34:17:0663;Warning;AdvancedWebClient;Could not download data from http://geoip.bertware.net/192.168.50.1 : WebException/Unknown : 無法解析遠端名稱: 'geoip.bertware.net';-;
2020/05/23;15:34:17:0663;Fine;Mainform;Location loaded;-;
2020/05/23;15:34:17:0664;Fine;Mainform;Updating player Jacoblin2014  in listviews;-;
2020/05/23;15:34:17:0665;Fine;Mainform;Player updated;-;
2020/05/23;16:57:59:0239;Fine;mainform;Player disconnected, event catched by UI. Player:Verethragna0;hnd_PlayerDisconnect();
2020/05/23;16:57:59:0257;Fine;Mainform;Removed player from player list;-;
2020/05/23;16:57:59:0258;Fine;Mainform;Removed player from UI general player list;-;
2020/05/23;16:57:59:0258;Fine;Mainform;Removed player from UI players player list;-;
2020/05/23;16:57:59:0259;Fine;Mainform;Removed player avatar from imagelist;-;
2020/05/23;16:57:59:0259;Fine;Mainform;Finished player removal;-;
2020/05/23;16:57:59:0259;Fine;Mainform;Finished player removal;-;
2020/05/23;16:58:58:0475;Fine;Mainform;Player joined, event catched by UI. Player:Verethragna0;-;
2020/05/23;16:58:58:0494;Fine;mainform;Getting additional details for player Verethragna0(4);-;
2020/05/23;16:58:58:0494;Fine;ServerInteraction;Getting minotar for Verethragna0;-;
2020/05/23;16:58:58:0642;Fine;ServerInteraction;Minotar Url: http://minotar.net/helm/Verethragna0/32.png;-;
2020/05/23;16:58:58:0998;Fine;ServerInteraction;Function done... Returning result;-;
2020/05/23;16:58:58:0998;Fine;Mainform;Avatar loaded;-;
2020/05/23;16:58:58:0998;Fine;AdvancedWebClient;Retrieving contents from geoip.bertware.net;-;
2020/05/23;16:58:59:0405;Warning;AdvancedWebClient;Could not download data from http://geoip.bertware.net/219.91.103.214 : WebException/Unknown : 無法解析遠端名稱: 'geoip.bertware.net';-;
2020/05/23;16:58:59:0405;Fine;Mainform;Location loaded;-;
2020/05/23;16:58:59:0405;Fine;Mainform;Updating player Verethragna0  in listviews;-;
2020/05/23;16:58:59:0407;Fine;Mainform;Player updated;-;
2020/05/23;16:59:56:0842;Fine;mainform;Player disconnected, event catched by UI. Player:Verethragna0;hnd_PlayerDisconnect();
2020/05/23;16:59:56:0862;Fine;Mainform;Removed player from player list;-;
2020/05/23;16:59:56:0863;Fine;Mainform;Removed player from UI general player list;-;
2020/05/23;16:59:56:0863;Fine;Mainform;Removed player from UI players player list;-;
2020/05/23;16:59:56:0863;Fine;Mainform;Removed player avatar from imagelist;-;
2020/05/23;16:59:56:0863;Fine;Mainform;Finished player removal;-;
2020/05/23;16:59:56:0863;Fine;Mainform;Finished player removal;-;
2020/05/23;17:00:11:0517;Fine;Mainform;Player joined, event catched by UI. Player:Verethragna0;-;
2020/05/23;17:00:11:0537;Fine;mainform;Getting additional details for player Verethragna0(4);-;
2020/05/23;17:00:11:0538;Fine;ServerInteraction;Getting minotar for Verethragna0;-;
2020/05/23;17:00:11:0679;Fine;ServerInteraction;Minotar Url: http://minotar.net/helm/Verethragna0/32.png;-;
2020/05/23;17:00:11:0742;Fine;ServerInteraction;Function done... Returning result;-;
2020/05/23;17:00:11:0743;Fine;Mainform;Avatar loaded;-;
2020/05/23;17:00:11:0743;Fine;AdvancedWebClient;Retrieving contents from geoip.bertware.net;-;
2020/05/23;17:00:11:0837;Warning;AdvancedWebClient;Could not download data from http://geoip.bertware.net/219.91.103.214 : WebException/Unknown : 無法解析遠端名稱: 'geoip.bertware.net';-;
2020/05/23;17:00:11:0837;Fine;Mainform;Location loaded;-;
2020/05/23;17:00:11:0838;Fine;Mainform;Updating player Verethragna0  in listviews;-;
2020/05/23;17:00:11:0839;Fine;Mainform;Player updated;-;
2020/05/23;17:07:29:0090;Fine;mainform;Player disconnected, event catched by UI. Player:Verethragna0;hnd_PlayerDisconnect();
2020/05/23;17:07:29:0103;Fine;Mainform;Removed player from player list;-;
2020/05/23;17:07:29:0103;Fine;Mainform;Removed player from UI general player list;-;
2020/05/23;17:07:29:0103;Fine;Mainform;Removed player from UI players player list;-;
2020/05/23;17:07:29:0103;Fine;Mainform;Removed player avatar from imagelist;-;
2020/05/23;17:07:29:0103;Fine;Mainform;Finished player removal;-;
2020/05/23;17:07:29:0103;Fine;Mainform;Finished player removal;-;
2020/05/23;17:08:36:0904;Fine;Mainform;Player joined, event catched by UI. Player:Verethragna0;-;
2020/05/23;17:08:36:0916;Fine;mainform;Getting additional details for player Verethragna0(4);-;
2020/05/23;17:08:36:0916;Fine;ServerInteraction;Getting minotar for Verethragna0;-;
2020/05/23;17:08:37:0010;Fine;ServerInteraction;Minotar Url: http://minotar.net/helm/Verethragna0/32.png;-;
2020/05/23;17:08:37:0156;Fine;ServerInteraction;Function done... Returning result;-;
2020/05/23;17:08:37:0156;Fine;Mainform;Avatar loaded;-;
2020/05/23;17:08:37:0156;Fine;AdvancedWebClient;Retrieving contents from geoip.bertware.net;-;
2020/05/23;17:08:37:0641;Warning;AdvancedWebClient;Could not download data from http://geoip.bertware.net/219.91.103.214 : WebException/Unknown : 無法解析遠端名稱: 'geoip.bertware.net';-;
2020/05/23;17:08:37:0641;Fine;Mainform;Location loaded;-;
2020/05/23;17:08:37:0641;Fine;Mainform;Updating player Verethragna0  in listviews;-;
2020/05/23;17:08:37:0643;Fine;Mainform;Player updated;-;
2020/05/23;17:10:31:0911;Fine;ServerSettings;Reading server settings from D:\JacobLinCool\Github\HSNU-1481-Minecraft-Server/server.properties;-;
2020/05/23;17:33:10:0536;Fine;mainform;Player disconnected, event catched by UI. Player:Verethragna0;hnd_PlayerDisconnect();
2020/05/23;17:33:10:0549;Fine;Mainform;Removed player from player list;-;
2020/05/23;17:33:10:0550;Fine;Mainform;Removed player from UI general player list;-;
2020/05/23;17:33:10:0550;Fine;Mainform;Removed player from UI players player list;-;
2020/05/23;17:33:10:0551;Fine;Mainform;Removed player avatar from imagelist;-;
2020/05/23;17:33:10:0551;Fine;Mainform;Finished player removal;-;
2020/05/23;17:33:10:0551;Fine;Mainform;Finished player removal;-;
2020/05/23;17:33:21:0237;Fine;Mainform;Player joined, event catched by UI. Player:Verethragna0;-;
2020/05/23;17:33:21:0240;Fine;mainform;Getting additional details for player Verethragna0(4);-;
2020/05/23;17:33:21:0240;Fine;ServerInteraction;Getting minotar for Verethragna0;-;
2020/05/23;17:33:21:0325;Fine;ServerInteraction;Minotar Url: http://minotar.net/helm/Verethragna0/32.png;-;
2020/05/23;17:33:21:0862;Fine;ServerInteraction;Function done... Returning result;-;
2020/05/23;17:33:21:0862;Fine;Mainform;Avatar loaded;-;
2020/05/23;17:33:21:0862;Fine;AdvancedWebClient;Retrieving contents from geoip.bertware.net;-;
2020/05/23;17:33:22:0384;Warning;AdvancedWebClient;Could not download data from http://geoip.bertware.net/219.91.103.214 : WebException/Unknown : 無法解析遠端名稱: 'geoip.bertware.net';-;
2020/05/23;17:33:22:0384;Fine;Mainform;Location loaded;-;
2020/05/23;17:33:22:0384;Fine;Mainform;Updating player Verethragna0  in listviews;-;
2020/05/23;17:33:22:0386;Fine;Mainform;Player updated;-;
2020/05/23;17:34:31:0838;Fine;mainform;Player disconnected, event catched by UI. Player:Verethragna0;hnd_PlayerDisconnect();
2020/05/23;17:34:31:0850;Fine;Mainform;Removed player from player list;-;
2020/05/23;17:34:31:0850;Fine;Mainform;Removed player from UI general player list;-;
2020/05/23;17:34:31:0851;Fine;Mainform;Removed player from UI players player list;-;
2020/05/23;17:34:31:0851;Fine;Mainform;Removed player avatar from imagelist;-;
2020/05/23;17:34:31:0851;Fine;Mainform;Finished player removal;-;
2020/05/23;17:34:31:0851;Fine;Mainform;Finished player removal;-;
2020/05/23;17:45:32:0637;Fine;TaskManager;Parsing parameters for execution;定時重啟警告;
2020/05/23;17:45:32:0641;Fine;TaskManager;Parsing action parameters for /tell @a Server Restart in 3 Minutes.;定時重啟警告;
2020/05/23;17:45:32:0644;Fine;TaskManager;Parsed action parameters: /tell @a Server Restart in 3 Minutes.;定時重啟警告;
2020/05/23;17:45:32:0678;Fine;TaskManager;Executing task:定時重啟警告 - action:command;定時重啟警告;
2020/05/23;17:45:32:0678;Fine;TaskManager;Arguments:/tell @a Server Restart in 3 Minutes.;定時重啟警告;
2020/05/23;17:45:32:0678;Fine;TaskManager;Command sent;定時重啟警告;
2020/05/23;17:48:32:0627;Fine;TaskManager;Parsing parameters for execution;定時重啟;
2020/05/23;17:48:32:0627;Fine;TaskManager;Parsing action parameters for ;定時重啟;
2020/05/23;17:48:32:0627;Fine;TaskManager;Parsed action parameters: ;定時重啟;
2020/05/23;17:48:32:0627;Fine;TaskManager;Executing task:定時重啟 - action:restart_server;定時重啟;
2020/05/23;17:48:32:0627;Fine;TaskManager;Arguments:;定時重啟;
2020/05/23;17:48:32:0627;Fine;TaskManager;Restarting server by task;定時重啟;
2020/05/23;17:48:32:0628;Fine;mainform;Stopping server...;stop_server();
2020/05/23;17:48:33:0189;Fine;mainform;Player disconnected, event catched by UI. Player:sdfgh;hnd_PlayerDisconnect();
2020/05/23;17:48:33:0217;Fine;Mainform;Removed player from player list;-;
2020/05/23;17:48:33:0217;Fine;Mainform;Removed player from UI general player list;-;
2020/05/23;17:48:33:0218;Fine;Mainform;Removed player from UI players player list;-;
2020/05/23;17:48:33:0218;Fine;Mainform;Removed player avatar from imagelist;-;
2020/05/23;17:48:33:0218;Fine;Mainform;Finished player removal;-;
2020/05/23;17:48:33:0218;Fine;Mainform;Finished player removal;-;
2020/05/23;17:48:33:0236;Fine;mainform;Player disconnected, event catched by UI. Player:Jacoblin2014;hnd_PlayerDisconnect();
2020/05/23;17:48:33:0264;Fine;Mainform;Removed player from player list;-;
2020/05/23;17:48:33:0264;Fine;Mainform;Removed player from UI general player list;-;
2020/05/23;17:48:33:0264;Fine;Mainform;Removed player from UI players player list;-;
2020/05/23;17:48:33:0264;Fine;Mainform;Removed player avatar from imagelist;-;
2020/05/23;17:48:33:0264;Fine;Mainform;Finished player removal;-;
2020/05/23;17:48:33:0264;Fine;Mainform;Finished player removal;-;
2020/05/23;17:48:33:0283;Fine;mainform;Player disconnected, event catched by UI. Player:takeka729;hnd_PlayerDisconnect();
2020/05/23;17:48:33:0312;Fine;Mainform;Removed player from player list;-;
2020/05/23;17:48:33:0312;Fine;Mainform;Removed player from UI general player list;-;
2020/05/23;17:48:33:0312;Fine;Mainform;Removed player from UI players player list;-;
2020/05/23;17:48:33:0312;Fine;Mainform;Removed player avatar from imagelist;-;
2020/05/23;17:48:33:0312;Fine;Mainform;Finished player removal;-;
2020/05/23;17:48:33:0312;Fine;Mainform;Finished player removal;-;
2020/05/23;17:48:33:0329;Fine;mainform;Player disconnected, event catched by UI. Player:Hyper_Hibiki;hnd_PlayerDisconnect();
2020/05/23;17:48:33:0358;Fine;Mainform;Removed player from player list;-;
2020/05/23;17:48:33:0358;Fine;Mainform;Removed player from UI general player list;-;
2020/05/23;17:48:33:0358;Fine;Mainform;Removed player from UI players player list;-;
2020/05/23;17:48:33:0358;Fine;Mainform;Removed player avatar from imagelist;-;
2020/05/23;17:48:33:0358;Fine;Mainform;Finished player removal;-;
2020/05/23;17:48:33:0358;Fine;Mainform;Finished player removal;-;
2020/05/23;17:48:38:0338;Info;server;The server has stopped... Cleaning up...;-;
2020/05/23;17:48:38:0339;Info;mainform;The server has stopped. Updating UI;-;
2020/05/23;17:48:38:0376;Info;mainform;The server has stopped. Updated UI;-;
2020/05/23;17:48:38:0377;Info;server;The server has stopped... Cleanup finished;-;
2020/05/23;17:48:38:0377;Info;mainform;thd_read_error exited;-;
2020/05/23;17:48:38:0456;Info;mainform;thd_read_output exited;-;
2020/05/23;17:48:42:0704;Fine;Mainform;Starting new server - selected type:Spigot;-;
2020/05/23;17:48:42:0715;Fine;mainform;Validating settings for server type Spigot;-;
2020/05/23;17:48:42:0715;Fine;mainform;Validated settings, result:True;-;
2020/05/23;17:48:42:0715;Fine;Mainform;Starting new spigot server...;-;
2020/05/23;17:48:42:0717;Fine;fxml - config;Requested XML element: alternative_java - Value: C:\Program Files\Java\jre1.8.0_241\bin\java.exe;-;
2020/05/23;17:48:42:0717;Fine;fxml - config;Requested XML element: utf_8_compatibility - Value: true;-;
2020/05/23;17:48:42:0717;Fine;Server;Starting server (java);server;
2020/05/23;17:48:42:0717;Fine;Server;Executable:C:\Program Files\Java\jre1.8.0_241\bin\java.exe;Server-StartJavaServer;
2020/05/23;17:48:42:0717;Fine;Server;Jar:D:\JacobLinCool\Github\HSNU-1481-Minecraft-Server\spigot-1.15.2.jar;Server-StartJavaServer;
2020/05/23;17:48:42:0717;Fine;Server;Options:-Xms1024M -Xmx4096M  -Duser.language=en -XX:MaxPermSize=128M -Dfile.encoding=utf-8 ;Server-StartJavaServer;
2020/05/23;17:48:42:0717;Fine;Server;Flags:-nojline;Server-StartJavaServer;
2020/05/23;17:48:42:0717;Fine;Server;Total argument:-Xms1024M -Xmx4096M -Duser.language=en -XX:MaxPermSize=128M -Dfile.encoding=utf-8 -DIReallyKnowWhatIAmDoingISwear -jar "D:\JacobLinCool\Github\HSNU-1481-Minecraft-Server\spigot-1.15.2.jar" -nojline nogui;Server-StartJavaServer;
2020/05/23;17:48:42:0773;Fine;Server;Starting process;-;
2020/05/23;17:48:42:0787;Fine;Server;Process started;-;
2020/05/23;17:48:42:0787;Fine;Server;Initializing handling for new server;-;
2020/05/23;17:48:42:0787;Fine;Server;New server initialized;-;
2020/05/23;17:48:42:0787;Fine;Server;Server started succesfully;-;
2020/05/23;17:48:42:0797;Fine;ServerSettings;Reading server settings from D:\JacobLinCool\Github\HSNU-1481-Minecraft-Server/server.properties;-;
2020/05/23;17:48:42:0850;Fine;mainform;Error thread started...;-;
2020/05/23;17:48:42:0851;Fine;mainform;Output thread started...;-;
2020/05/23;17:49:18:0185;Fine;Mainform;Player joined, event catched by UI. Player:Jacoblin2014;-;
2020/05/23;17:49:18:0199;Fine;mainform;Getting additional details for player Jacoblin2014(0);-;
2020/05/23;17:49:18:0199;Fine;ServerInteraction;Getting minotar for Jacoblin2014;-;
2020/05/23;17:49:18:0347;Fine;ServerInteraction;Minotar Url: http://minotar.net/helm/Jacoblin2014/32.png;-;
2020/05/23;17:49:18:0747;Fine;ServerInteraction;Function done... Returning result;-;
2020/05/23;17:49:18:0747;Fine;Mainform;Avatar loaded;-;
2020/05/23;17:49:18:0747;Fine;AdvancedWebClient;Retrieving contents from geoip.bertware.net;-;
2020/05/23;17:49:19:0365;Fine;Mainform;Player joined, event catched by UI. Player:sdfgh;-;
2020/05/23;17:49:19:0370;Fine;mainform;Getting additional details for player sdfgh(1);-;
2020/05/23;17:49:19:0370;Fine;ServerInteraction;Getting minotar for sdfgh;-;
2020/05/23;17:49:19:0480;Fine;ServerInteraction;Minotar Url: http://minotar.net/helm/sdfgh/32.png;-;
2020/05/23;17:49:19:0489;Warning;AdvancedWebClient;Could not download data from http://geoip.bertware.net/192.168.50.1 : WebException/Unknown : 無法解析遠端名稱: 'geoip.bertware.net';-;
2020/05/23;17:49:19:0489;Fine;Mainform;Location loaded;-;
2020/05/23;17:49:19:0489;Fine;Mainform;Updating player Jacoblin2014  in listviews;-;
2020/05/23;17:49:19:0490;Fine;Mainform;Player updated;-;
2020/05/23;17:49:19:0764;Fine;ServerInteraction;Function done... Returning result;-;
2020/05/23;17:49:19:0764;Fine;Mainform;Avatar loaded;-;
2020/05/23;17:49:19:0764;Fine;AdvancedWebClient;Retrieving contents from geoip.bertware.net;-;
2020/05/23;17:49:19:0899;Warning;AdvancedWebClient;Could not download data from http://geoip.bertware.net/220.130.10.184 : WebException/Unknown : 無法解析遠端名稱: 'geoip.bertware.net';-;
2020/05/23;17:49:19:0899;Fine;Mainform;Location loaded;-;
2020/05/23;17:49:19:0900;Fine;Mainform;Updating player sdfgh  in listviews;-;
2020/05/23;17:49:19:0900;Fine;Mainform;Player updated;-;
2020/05/23;17:49:22:0149;Fine;Mainform;Player joined, event catched by UI. Player:takeka729;-;
2020/05/23;17:49:22:0152;Fine;mainform;Getting additional details for player takeka729(2);-;
2020/05/23;17:49:22:0152;Fine;ServerInteraction;Getting minotar for takeka729;-;
2020/05/23;17:49:22:0239;Fine;ServerInteraction;Minotar Url: http://minotar.net/helm/takeka729/32.png;-;
2020/05/23;17:49:22:0567;Fine;ServerInteraction;Function done... Returning result;-;
2020/05/23;17:49:22:0567;Fine;Mainform;Avatar loaded;-;
2020/05/23;17:49:22:0568;Fine;AdvancedWebClient;Retrieving contents from geoip.bertware.net;-;
2020/05/23;17:49:22:0644;Warning;AdvancedWebClient;Could not download data from http://geoip.bertware.net/111.248.199.27 : WebException/Unknown : 無法解析遠端名稱: 'geoip.bertware.net';-;
2020/05/23;17:49:22:0644;Fine;Mainform;Location loaded;-;
2020/05/23;17:49:22:0645;Fine;Mainform;Updating player takeka729  in listviews;-;
2020/05/23;17:49:22:0645;Fine;Mainform;Player updated;-;
2020/05/23;17:49:38:0156;Fine;Mainform;Player joined, event catched by UI. Player:Hyper_Hibiki;-;
2020/05/23;17:49:38:0164;Fine;mainform;Getting additional details for player Hyper_Hibiki(3);-;
2020/05/23;17:49:38:0166;Fine;ServerInteraction;Getting minotar for Hyper_Hibiki;-;
2020/05/23;17:49:38:0282;Fine;ServerInteraction;Minotar Url: http://minotar.net/helm/Hyper_Hibiki/32.png;-;
2020/05/23;17:49:38:0646;Fine;ServerInteraction;Function done... Returning result;-;
2020/05/23;17:49:38:0646;Fine;Mainform;Avatar loaded;-;
2020/05/23;17:49:38:0646;Fine;AdvancedWebClient;Retrieving contents from geoip.bertware.net;-;
2020/05/23;17:49:38:0733;Warning;AdvancedWebClient;Could not download data from http://geoip.bertware.net/111.251.47.197 : WebException/Unknown : 無法解析遠端名稱: 'geoip.bertware.net';-;
2020/05/23;17:49:38:0733;Fine;Mainform;Location loaded;-;
2020/05/23;17:49:38:0733;Fine;Mainform;Updating player Hyper_Hibiki  in listviews;-;
2020/05/23;17:49:38:0734;Fine;Mainform;Player updated;-;
2020/05/23;18:26:17:0073;Fine;mainform;Player disconnected, event catched by UI. Player:Hyper_Hibiki;hnd_PlayerDisconnect();
2020/05/23;18:26:17:0080;Fine;Mainform;Removed player from player list;-;
2020/05/23;18:26:17:0081;Fine;Mainform;Removed player from UI general player list;-;
2020/05/23;18:26:17:0081;Fine;Mainform;Removed player from UI players player list;-;
2020/05/23;18:26:17:0081;Fine;Mainform;Removed player avatar from imagelist;-;
2020/05/23;18:26:17:0081;Fine;Mainform;Finished player removal;-;
2020/05/23;18:26:17:0081;Fine;Mainform;Finished player removal;-;
2020/05/23;18:35:48:0256;Fine;mainform;Player disconnected, event catched by UI. Player:Jacoblin2014;hnd_PlayerDisconnect();
2020/05/23;18:35:48:0261;Fine;Mainform;Removed player from player list;-;
2020/05/23;18:35:48:0261;Fine;Mainform;Removed player from UI general player list;-;
2020/05/23;18:35:48:0262;Fine;Mainform;Removed player from UI players player list;-;
2020/05/23;18:35:48:0262;Fine;Mainform;Removed player avatar from imagelist;-;
2020/05/23;18:35:48:0262;Fine;Mainform;Finished player removal;-;
2020/05/23;18:35:48:0262;Fine;Mainform;Finished player removal;-;
2020/05/23;18:36:03:0661;Fine;mainform;Player disconnected, event catched by UI. Player:sdfgh;hnd_PlayerDisconnect();
2020/05/23;18:36:03:0666;Fine;Mainform;Removed player from player list;-;
2020/05/23;18:36:03:0667;Fine;Mainform;Removed player from UI general player list;-;
2020/05/23;18:36:03:0667;Fine;Mainform;Removed player from UI players player list;-;
2020/05/23;18:36:03:0667;Fine;Mainform;Removed player avatar from imagelist;-;
2020/05/23;18:36:03:0668;Fine;Mainform;Finished player removal;-;
2020/05/23;18:36:03:0668;Fine;Mainform;Finished player removal;-;
2020/05/23;18:36:10:0663;Fine;mainform;Player disconnected, event catched by UI. Player:takeka729;hnd_PlayerDisconnect();
2020/05/23;18:36:10:0672;Fine;Mainform;Removed player from player list;-;
2020/05/23;18:36:10:0672;Fine;Mainform;Removed player from UI general player list;-;
2020/05/23;18:36:10:0673;Fine;Mainform;Removed player from UI players player list;-;
2020/05/23;18:36:10:0673;Fine;Mainform;Removed player avatar from imagelist;-;
2020/05/23;18:36:10:0673;Fine;Mainform;Finished player removal;-;
2020/05/23;18:36:10:0673;Fine;Mainform;Finished player removal;-;
2020/05/23;18:37:07:0718;Fine;mainform;Stopping server...;stop_server();
2020/05/23;18:37:10:0626;Fine;mainform;Closing mainform;-;
2020/05/23;18:37:11:0707;Info;server;The server has stopped... Cleaning up...;-;
2020/05/23;18:37:11:0710;Info;mainform;The server has stopped. Updating UI;-;
2020/05/23;18:37:11:0748;Info;mainform;The server has stopped. Updated UI;-;
2020/05/23;18:37:11:0748;Info;server;The server has stopped... Cleanup finished;-;
2020/05/23;18:37:11:0748;Info;mainform;thd_read_error exited;-;
2020/05/23;18:37:11:0820;Info;mainform;thd_read_output exited;-;
