[00:07:25] [Server thread/INFO]: Starting minecraft server version 1.15.1
[00:07:25] [Server thread/INFO]: Loading properties
[00:07:26] [Server thread/INFO]: This server is running CraftBukkit version git-Spigot-2ee05fe-d31f05f (MC: 1.15.1) (Implementing API version 1.15.1-R0.1-SNAPSHOT)
[00:07:26] [Server thread/INFO]: Debug logging is disabled
[00:07:26] [Server thread/INFO]: Server Ping Player Sample Count: 12
[00:07:26] [Server thread/INFO]: Using 4 threads for Netty based IO
[00:07:26] [Server thread/INFO]: Default game type: SURVIVAL
[00:07:26] [Server thread/INFO]: Generating keypair
[00:07:26] [Server thread/INFO]: Starting Minecraft server on *:25565
[00:07:26] [Server thread/INFO]: Using default channel type
[00:07:31] [Server thread/WARN]: Plugin FastLogin v1.10-git484855724b794de1fe057cf7360245362658b432 does not specify an api-version.
[00:07:31] [Server thread/ERROR]: Could not load 'plugins\ChatItem-1.3.6.4.jar' in folder 'plugins'
org.bukkit.plugin.UnknownDependencyException: ProtocolLib
	at org.bukkit.plugin.SimplePluginManager.loadPlugins(SimplePluginManager.java:221) [spigot-1.15.1.jar:git-Spigot-2ee05fe-d31f05f]
	at org.bukkit.craftbukkit.v1_15_R1.CraftServer.loadPlugins(CraftServer.java:351) [spigot-1.15.1.jar:git-Spigot-2ee05fe-d31f05f]
	at net.minecraft.server.v1_15_R1.DedicatedServer.init(DedicatedServer.java:202) [spigot-1.15.1.jar:git-Spigot-2ee05fe-d31f05f]
	at net.minecraft.server.v1_15_R1.MinecraftServer.run(MinecraftServer.java:783) [spigot-1.15.1.jar:git-Spigot-2ee05fe-d31f05f]
	at java.lang.Thread.run(Unknown Source) [?:1.8.0_231]
[00:07:31] [Server thread/WARN]: Plugin LoginSecurity v2.1.9 does not specify an api-version.
[00:07:31] [Server thread/WARN]: Plugin BattleMusic v2.5 does not specify an api-version.
[00:07:31] [Server thread/WARN]: Plugin ViaVersion v3.0.0-SNAPSHOT does not specify an api-version.
[00:07:33] [Server thread/WARN]: Plugin ViaBackwards v3.0.0-SNAPSHOT does not specify an api-version.
[00:07:33] [Server thread/INFO]: [PlayerListGUI] Loading PlayerListGUI v2.0
[00:07:33] [Server thread/INFO]: [SkinsRestorer] Loading SkinsRestorer v13.7.5
[00:07:33] [Server thread/INFO]: [ChestCleaner] Loading ChestCleaner v1.7
[00:07:33] [Server thread/INFO]: [FastLogin] Loading FastLogin v1.10-git484855724b794de1fe057cf7360245362658b432
[00:07:33] [Server thread/INFO]: [LoginSecurity] Loading LoginSecurity v2.1.9
[00:07:33] [Server thread/INFO]: [BattleMusic] Loading BattleMusic v2.5
[00:07:33] [Server thread/INFO]: [CraftEnhance] Loading CraftEnhance v2.3.4
[00:07:33] [Server thread/INFO]: [ArmoredElytra] Loading ArmoredElytra v2.4.11
[00:07:33] [Server thread/INFO]: [TreeGravity] Loading TreeGravity v4.3.0
[00:07:33] [Server thread/INFO]: [TreeGravity] Update Checker is off
[00:07:33] [Server thread/INFO]: [ViaVersion] Loading ViaVersion v3.0.0-SNAPSHOT
[00:07:33] [Server thread/INFO]: [ViaVersion] ViaVersion 3.0.0-SNAPSHOT is now loaded, injecting!
[00:07:33] [Server thread/INFO]: [ViaVersion] Loading 1.12.2 -> 1.13 block mapping...
[00:07:34] [Server thread/INFO]: [ViaVersion] Loading 1.12.2 -> 1.13 item mapping...
[00:07:34] [Server thread/INFO]: [ViaVersion] Loading new 1.13 tags...
[00:07:34] [Server thread/INFO]: [ViaVersion] Loading 1.12.2 -> 1.13 enchantment mapping...
[00:07:34] [Server thread/INFO]: [ViaVersion] Loading 1.12.2 -> 1.13 sound mapping...
[00:07:34] [Server thread/INFO]: [ViaVersion] Loading 1.12.2 -> 1.13 plugin channel mappings...
[00:07:34] [Server thread/INFO]: [ViaVersion] Loading translation mappping
[00:07:34] [Server thread/INFO]: [ViaVersion] Loading 1.13.2 -> 1.14 blockstate mapping...
[00:07:35] [Server thread/INFO]: [ViaVersion] Loading 1.13.2 -> 1.14 block mapping...
[00:07:35] [Server thread/INFO]: [ViaVersion] Loading 1.13.2 -> 1.14 item mapping...
[00:07:35] [Server thread/INFO]: [ViaVersion] Loading 1.13.2 -> 1.14 sound mapping...
[00:07:35] [Server thread/INFO]: [ViaVersion] Loading 1.14 blockstates...
[00:07:35] [Server thread/INFO]: [ViaVersion] Loading 1.14 heightmap data...
[00:07:35] [Server thread/INFO]: [ViaVersion] Loading 1.14.4 -> 1.15 blockstate mapping...
[00:07:35] [Server thread/INFO]: [ViaVersion] Loading 1.14.4 -> 1.15 block mapping...
[00:07:35] [Server thread/INFO]: [ViaVersion] Loading 1.14.4 -> 1.15 item mapping...
[00:07:35] [Server thread/INFO]: [ViaVersion] Loading 1.14.4 -> 1.15 sound mapping...
[00:07:35] [Server thread/INFO]: [EasyPrefix] Loading EasyPrefix v1.6.3
[00:07:35] [Server thread/INFO]: [ViaBackwards] Loading ViaBackwards v3.0.0-SNAPSHOT
[00:07:35] [Server thread/INFO]: [FastLogin] Enabling FastLogin v1.10-git484855724b794de1fe057cf7360245362658b432
[00:07:36] [Server thread/INFO]: HikariPool-1 - Starting...
[00:07:36] [Server thread/INFO]: HikariPool-1 - Start completed.
[00:07:36] [Server thread/WARN]: [FastLogin] Either ProtocolLib or ProtocolSupport have to be installed if you don't use BungeeCord
[00:07:36] [Server thread/INFO]: [ViaBackwards] Enabling ViaBackwards v3.0.0-SNAPSHOT
[00:07:36] [Server thread/INFO]: [ViaBackwards] Loading 1.13 -> 1.12.2 block mapping...
[00:07:36] [Server thread/INFO]: [ViaBackwards] Loading 1.13 -> 1.12.2 sound mapping...
[00:07:36] [Server thread/INFO]: [ViaBackwards] Loading 1.14 -> 1.13.2 block mapping...
[00:07:37] [Server thread/INFO]: [ViaBackwards] Loading 1.15 -> 1.14.4 mappings...
[00:07:38] [Server thread/WARN]: **** SERVER IS RUNNING IN OFFLINE/INSECURE MODE!
[00:07:38] [Server thread/WARN]: The server will make no attempt to authenticate usernames. Beware.
[00:07:38] [Server thread/WARN]: While this makes the game possible to play without internet access, it also opens up the ability for hackers to connect with any username they choose.
[00:07:38] [Server thread/WARN]: To change this, set "online-mode" to "true" in the server.properties file.
[00:07:38] [Server thread/INFO]: Preparing level "world"
[00:07:38] [Server thread/INFO]: Reloading ResourceManager: Default, bukkit
[00:07:39] [Server thread/INFO]: Loaded 6 recipes
[00:07:39] [Server thread/INFO]: -------- World Settings For [world] --------
[00:07:39] [Server thread/INFO]: View Distance: 10
[00:07:39] [Server thread/INFO]: Nerfing mobs spawned from spawners: false
[00:07:39] [Server thread/INFO]: Item Despawn Rate: 6000
[00:07:39] [Server thread/INFO]: Item Merge Radius: 2.5
[00:07:39] [Server thread/INFO]: Arrow Despawn Rate: 1200 Trident Respawn Rate:1200
[00:07:39] [Server thread/INFO]: Allow Zombie Pigmen to spawn from portal blocks: true
[00:07:39] [Server thread/INFO]: Zombie Aggressive Towards Villager: true
[00:07:39] [Server thread/INFO]: Experience Merge Radius: 3.0
[00:07:39] [Server thread/INFO]: Hopper Transfer: 8 Hopper Check: 1 Hopper Amount: 1
[00:07:39] [Server thread/INFO]: Entity Tracking Range: Pl 48 / An 48 / Mo 48 / Mi 32 / Other 64
[00:07:39] [Server thread/INFO]: Mob Spawn Range: 6
[00:07:39] [Server thread/INFO]: Max TNT Explosions: 100
[00:07:39] [Server thread/INFO]: Entity Activation Range: An 32 / Mo 32 / Ra 48 / Mi 16 / Tiv true
[00:07:39] [Server thread/INFO]: Cactus Growth Modifier: 100%
[00:07:39] [Server thread/INFO]: Cane Growth Modifier: 100%
[00:07:39] [Server thread/INFO]: Melon Growth Modifier: 100%
[00:07:39] [Server thread/INFO]: Mushroom Growth Modifier: 100%
[00:07:39] [Server thread/INFO]: Pumpkin Growth Modifier: 100%
[00:07:39] [Server thread/INFO]: Sapling Growth Modifier: 100%
[00:07:39] [Server thread/INFO]: Beetroot Growth Modifier: 100%
[00:07:39] [Server thread/INFO]: Carrot Growth Modifier: 100%
[00:07:39] [Server thread/INFO]: Potato Growth Modifier: 100%
[00:07:39] [Server thread/INFO]: Wheat Growth Modifier: 100%
[00:07:39] [Server thread/INFO]: NetherWart Growth Modifier: 100%
[00:07:39] [Server thread/INFO]: Vine Growth Modifier: 100%
[00:07:39] [Server thread/INFO]: Cocoa Growth Modifier: 100%
[00:07:39] [Server thread/INFO]: Bamboo Growth Modifier: 100%
[00:07:39] [Server thread/INFO]: SweetBerry Growth Modifier: 100%
[00:07:39] [Server thread/INFO]: Kelp Growth Modifier: 100%
[00:07:39] [Server thread/INFO]: Tile Max Tick Time: 50ms Entity max Tick Time: 50ms
[00:07:39] [Server thread/INFO]: Custom Map Seeds:  Village: 10387312 Desert: 14357617 Igloo: 14357618 Jungle: 14357619 Swamp: 14357620 Monument: 10387313Ocean: 14357621 Shipwreck: 165745295 Slime: 987234911
[00:07:39] [Server thread/INFO]: -------- World Settings For [world_nether] --------
[00:07:39] [Server thread/INFO]: View Distance: 10
[00:07:39] [Server thread/INFO]: Nerfing mobs spawned from spawners: false
[00:07:39] [Server thread/INFO]: Item Despawn Rate: 6000
[00:07:39] [Server thread/INFO]: Item Merge Radius: 2.5
[00:07:39] [Server thread/INFO]: Arrow Despawn Rate: 1200 Trident Respawn Rate:1200
[00:07:39] [Server thread/INFO]: Allow Zombie Pigmen to spawn from portal blocks: true
[00:07:39] [Server thread/INFO]: Zombie Aggressive Towards Villager: true
[00:07:39] [Server thread/INFO]: Experience Merge Radius: 3.0
[00:07:39] [Server thread/INFO]: Hopper Transfer: 8 Hopper Check: 1 Hopper Amount: 1
[00:07:39] [Server thread/INFO]: Entity Tracking Range: Pl 48 / An 48 / Mo 48 / Mi 32 / Other 64
[00:07:39] [Server thread/INFO]: Mob Spawn Range: 6
[00:07:39] [Server thread/INFO]: Max TNT Explosions: 100
[00:07:39] [Server thread/INFO]: Entity Activation Range: An 32 / Mo 32 / Ra 48 / Mi 16 / Tiv true
[00:07:39] [Server thread/INFO]: Cactus Growth Modifier: 100%
[00:07:39] [Server thread/INFO]: Cane Growth Modifier: 100%
[00:07:39] [Server thread/INFO]: Melon Growth Modifier: 100%
[00:07:39] [Server thread/INFO]: Mushroom Growth Modifier: 100%
[00:07:39] [Server thread/INFO]: Pumpkin Growth Modifier: 100%
[00:07:39] [Server thread/INFO]: Sapling Growth Modifier: 100%
[00:07:39] [Server thread/INFO]: Beetroot Growth Modifier: 100%
[00:07:39] [Server thread/INFO]: Carrot Growth Modifier: 100%
[00:07:39] [Server thread/INFO]: Potato Growth Modifier: 100%
[00:07:39] [Server thread/INFO]: Wheat Growth Modifier: 100%
[00:07:39] [Server thread/INFO]: NetherWart Growth Modifier: 100%
[00:07:39] [Server thread/INFO]: Vine Growth Modifier: 100%
[00:07:39] [Server thread/INFO]: Cocoa Growth Modifier: 100%
[00:07:39] [Server thread/INFO]: Bamboo Growth Modifier: 100%
[00:07:39] [Server thread/INFO]: SweetBerry Growth Modifier: 100%
[00:07:39] [Server thread/INFO]: Kelp Growth Modifier: 100%
[00:07:39] [Server thread/INFO]: Tile Max Tick Time: 50ms Entity max Tick Time: 50ms
[00:07:39] [Server thread/INFO]: Custom Map Seeds:  Village: 10387312 Desert: 14357617 Igloo: 14357618 Jungle: 14357619 Swamp: 14357620 Monument: 10387313Ocean: 14357621 Shipwreck: 165745295 Slime: 987234911
[00:07:39] [Server thread/INFO]: -------- World Settings For [world_the_end] --------
[00:07:39] [Server thread/INFO]: View Distance: 10
[00:07:39] [Server thread/INFO]: Nerfing mobs spawned from spawners: false
[00:07:39] [Server thread/INFO]: Item Despawn Rate: 6000
[00:07:39] [Server thread/INFO]: Item Merge Radius: 2.5
[00:07:39] [Server thread/INFO]: Arrow Despawn Rate: 1200 Trident Respawn Rate:1200
[00:07:39] [Server thread/INFO]: Allow Zombie Pigmen to spawn from portal blocks: true
[00:07:39] [Server thread/INFO]: Zombie Aggressive Towards Villager: true
[00:07:39] [Server thread/INFO]: Experience Merge Radius: 3.0
[00:07:39] [Server thread/INFO]: Hopper Transfer: 8 Hopper Check: 1 Hopper Amount: 1
[00:07:39] [Server thread/INFO]: Entity Tracking Range: Pl 48 / An 48 / Mo 48 / Mi 32 / Other 64
[00:07:39] [Server thread/INFO]: Mob Spawn Range: 6
[00:07:39] [Server thread/INFO]: Max TNT Explosions: 100
[00:07:39] [Server thread/INFO]: Entity Activation Range: An 32 / Mo 32 / Ra 48 / Mi 16 / Tiv true
[00:07:39] [Server thread/INFO]: Cactus Growth Modifier: 100%
[00:07:39] [Server thread/INFO]: Cane Growth Modifier: 100%
[00:07:39] [Server thread/INFO]: Melon Growth Modifier: 100%
[00:07:39] [Server thread/INFO]: Mushroom Growth Modifier: 100%
[00:07:39] [Server thread/INFO]: Pumpkin Growth Modifier: 100%
[00:07:39] [Server thread/INFO]: Sapling Growth Modifier: 100%
[00:07:39] [Server thread/INFO]: Beetroot Growth Modifier: 100%
[00:07:39] [Server thread/INFO]: Carrot Growth Modifier: 100%
[00:07:39] [Server thread/INFO]: Potato Growth Modifier: 100%
[00:07:39] [Server thread/INFO]: Wheat Growth Modifier: 100%
[00:07:39] [Server thread/INFO]: NetherWart Growth Modifier: 100%
[00:07:39] [Server thread/INFO]: Vine Growth Modifier: 100%
[00:07:39] [Server thread/INFO]: Cocoa Growth Modifier: 100%
[00:07:39] [Server thread/INFO]: Bamboo Growth Modifier: 100%
[00:07:39] [Server thread/INFO]: SweetBerry Growth Modifier: 100%
[00:07:39] [Server thread/INFO]: Kelp Growth Modifier: 100%
[00:07:39] [Server thread/INFO]: Tile Max Tick Time: 50ms Entity max Tick Time: 50ms
[00:07:39] [Server thread/INFO]: Custom Map Seeds:  Village: 10387312 Desert: 14357617 Igloo: 14357618 Jungle: 14357619 Swamp: 14357620 Monument: 10387313Ocean: 14357621 Shipwreck: 165745295 Slime: 987234911
[00:07:39] [Server thread/INFO]: Preparing start region for dimension 'world'/minecraft:overworld
[00:07:40] [Server thread/INFO]: Preparing spawn area: 0%
[00:07:40] [Server thread/INFO]: Preparing spawn area: 0%
[00:07:40] [Server thread/INFO]: Preparing spawn area: 0%
[00:07:41] [Server thread/INFO]: Time elapsed: 1441 ms
[00:07:41] [Server thread/INFO]: Preparing start region for dimension 'world_nether'/minecraft:the_nether
[00:07:41] [Server thread/INFO]: Preparing spawn area: 0%
[00:07:41] [Server thread/INFO]: Preparing spawn area: 0%
[00:07:42] [Server-Worker-2/INFO]: Preparing spawn area: 95%
[00:07:42] [Server-Worker-1/INFO]: Preparing spawn area: 98%
[00:07:42] [Server thread/INFO]: Time elapsed: 1563 ms
[00:07:42] [Server thread/INFO]: Preparing start region for dimension 'world_the_end'/minecraft:the_end
[00:07:42] [Server thread/INFO]: Preparing spawn area: 0%
[00:07:43] [Server-Worker-3/INFO]: Preparing spawn area: 83%
[00:07:43] [Server thread/INFO]: Time elapsed: 855 ms
[00:07:43] [Server thread/INFO]: [PlayerListGUI] Enabling PlayerListGUI v2.0
[00:07:43] [Server thread/INFO]: [SkinsRestorer] Enabling SkinsRestorer v13.7.5
[00:07:44] [Server thread/INFO]: [SkinsRestorer] Detected Minecraft v1_15_R1, using UniversalSkinFactory.
[00:07:44] [Server thread/INFO]: [ChestCleaner] Enabling ChestCleaner v1.7
[00:07:44] [Server thread/INFO]: [LoginSecurity] Enabling LoginSecurity v2.1.9
[00:07:44] [Server thread/INFO]: [LoginSecurity] Loading base translations from "en_us"
[00:07:44] [Server thread/INFO]: [LoginSecurity] Loading specified translations from "en_us"
[00:07:44] [Server thread/INFO]: [LoginSecurity] Connection to database....
[00:07:44] [Server thread/ERROR]: ebean.properties not found
[00:07:44] [Server thread/INFO]: DataSourcePool [LoginSecurityDB] autoCommit[false] transIsolation[SERIALIZABLE] min[2] max[20]
[00:07:44] [Server thread/INFO]: SubClassFactory parent ClassLoader [org.bukkit.plugin.java.PluginClassLoader]
[00:07:44] [ForkJoinPool.commonPool-worker-1/INFO]: [PlayerListGUI] Thank you for using PlayerListGUI v2.0 by SavageAvocado.
[00:07:45] [Server thread/INFO]: Explicit Identity on com.lenis0012.bukkit.loginsecurity.storage.PlayerProfile but not supported by DB Platform - ignored
[00:07:45] [Server thread/INFO]: Explicit Identity on com.lenis0012.bukkit.loginsecurity.storage.PlayerLocation but not supported by DB Platform - ignored
[00:07:45] [Server thread/INFO]: Explicit Identity on com.lenis0012.bukkit.loginsecurity.storage.PlayerInventory but not supported by DB Platform - ignored
[00:07:45] [Server thread/INFO]: Explicit Identity on com.lenis0012.bukkit.loginsecurity.storage.ActionEntry but not supported by DB Platform - ignored
[00:07:45] [Server thread/INFO]: Explicit Identity on com.lenis0012.bukkit.loginsecurity.storage.Migration but not supported by DB Platform - ignored
[00:07:45] [Server thread/INFO]: Entities enhanced[0] subclassed[5]
[00:07:45] [Server thread/INFO]: [LoginSecurity] Checking database version...
[00:07:45] [Server thread/INFO]: [LoginSecurity] Applied 0 missing database upgrades.
[00:07:45] [Server thread/INFO]: [LoginSecurity] Registering commands...
[00:07:45] [Server thread/INFO]: [LoginSecurity] Registering listeners...
[00:07:45] [Server thread/INFO]: [LoginSecurity] Using 1.12+ map captcha renderer
[00:07:45] [Server thread/INFO]: [BattleMusic] Enabling BattleMusic v2.5
[00:07:45] [Server thread/INFO]: [BattleMusic] Failed to load MCJukebox
[00:07:45] [Server thread/INFO]: [BattleMusic] Failed to load NoteBlockAPI
[00:07:45] [Server thread/INFO]: [CraftEnhance] Enabling CraftEnhance v2.3.4
[00:07:48] [Server thread/INFO]: Reloading ResourceManager: Default, bukkit
[00:07:48] [Server thread/INFO]: Loaded 6 recipes
[00:07:49] [Server thread/INFO]: [CraftEnhance] CraftEnhance is managed and developed by DutchJelly.
[00:07:49] [Server thread/INFO]: [CraftEnhance] If you find a bug in the plugin, please report it to https://dev.bukkit.org/projects/craftenhance.
[00:07:49] [Server thread/INFO]: [CraftEnhance] Running a version check to check that the server is compatible with game version 1.13, 1.14, 1.15.
[00:07:49] [Server thread/INFO]: [CraftEnhance] The correct version is installed.
[00:07:56] [Server thread/INFO]: [CraftEnhance] CraftEnhance is up to date.
[00:07:56] [Server thread/INFO]: [ArmoredElytra] Enabling ArmoredElytra v2.4.11
[00:07:56] [Server thread/INFO]: [ArmoredElytra] Enabling stats! Thanks, it really helps!
[00:07:56] [Server thread/INFO]: [ArmoredElytra] Durability penalty for flying disabled!
[00:07:56] [Server thread/INFO]: [ArmoredElytra] Allowed enchantments:
[00:07:56] [Server thread/INFO]: [ArmoredElytra]  - DURABILITY
[00:07:56] [Server thread/INFO]: [ArmoredElytra]  - PROTECTION_FIRE
[00:07:56] [Server thread/INFO]: [ArmoredElytra]  - PROTECTION_EXPLOSIONS
[00:07:56] [Server thread/INFO]: [ArmoredElytra]  - PROTECTION_PROJECTILE
[00:07:56] [Server thread/INFO]: [ArmoredElytra]  - PROTECTION_ENVIRONMENTAL
[00:07:56] [Server thread/INFO]: [ArmoredElytra]  - THORNS
[00:07:56] [Server thread/INFO]: [ArmoredElytra]  - BINDING_CURSE
[00:07:56] [Server thread/INFO]: [ArmoredElytra]  - VANISHING_CURSE
[00:07:56] [Server thread/INFO]: [ArmoredElytra]  - MENDING
[00:07:56] [Server thread/INFO]: [TreeGravity] Enabling TreeGravity v4.3.0
[00:07:56] [Server thread/INFO]: [TreeGravity] TreeGravity enabled
[00:07:56] [Server thread/INFO]: [ViaVersion] Enabling ViaVersion v3.0.0-SNAPSHOT
[00:07:56] [Server thread/INFO]: [EasyPrefix] Enabling EasyPrefix v1.6.3
[00:07:56] [Server thread/INFO]: [EasyPrefix] Plugin has been enabled! Version: 1.6.3
[00:07:56] [Server thread/INFO]: [EasyPrefix] If you like the plugin or you have suggestions, please write a review on spigotmc.org!
[00:07:56] [Server thread/INFO]: Server permissions file permissions.yml is empty, ignoring it
[00:07:56] [Server thread/INFO]: Done (17.603s)! For help, type "help"
[00:07:56] [Server thread/INFO]: [ViaVersion] ViaVersion detected server version: 1.15.1(575)
[00:07:56] [Server thread/INFO]: [FastLogin] Hooking into auth plugin: LoginSecurity
[00:07:57] [Server thread/WARN]: [ViaVersion] You are running a development version, please report any bugs to GitHub.
[00:07:59] [Thread-18/INFO]: [ArmoredElytra] You seem to be using the latest version of this plugin!
[00:07:59] [Craft Scheduler Thread - 0/INFO]: [SkinsRestorer] ----------------------------------------------
[00:07:59] [Craft Scheduler Thread - 0/INFO]: [SkinsRestorer]     +===============+
[00:07:59] [Craft Scheduler Thread - 0/INFO]: [SkinsRestorer]     | SkinsRestorer |
[00:07:59] [Craft Scheduler Thread - 0/INFO]: [SkinsRestorer]     +===============+
[00:07:59] [Craft Scheduler Thread - 0/INFO]: [SkinsRestorer] ----------------------------------------------
[00:07:59] [Craft Scheduler Thread - 0/INFO]: [SkinsRestorer]     Current version: 13.7.5
[00:07:59] [Craft Scheduler Thread - 0/INFO]: [SkinsRestorer]     This is the latest version!
[00:07:59] [Craft Scheduler Thread - 0/INFO]: [SkinsRestorer] ----------------------------------------------
[16:42:52] [User Authenticator #1/INFO]: UUID of player Jacoblin2014 is c80bd6fd-2a3a-3306-9282-41b7b1057713
[16:42:53] [Server thread/INFO]: Jacoblin2014[/127.0.0.1:13309] logged in with entity id 389 at ([world]-75.62239060449923, 59.0, 47.346151942879935)
[16:49:40] [Server thread/INFO]: Jacoblin2014 lost connection: Disconnected
[16:49:40] [Server thread/INFO]: « Jacoblin2014 離開遊戲
[16:53:13] [User Authenticator #2/INFO]: UUID of player Jacoblin2014 is c80bd6fd-2a3a-3306-9282-41b7b1057713
[16:53:14] [Server thread/INFO]: Jacoblin2014[/127.0.0.1:13780] logged in with entity id 1099 at ([world]-131.98503532693064, 65.0, 90.25279047326876)
[17:23:22] [Server thread/INFO]: Jacoblin2014 lost connection: Disconnected
[17:23:22] [Server thread/INFO]: « Jacoblin2014 離開遊戲
[17:25:12] [User Authenticator #3/INFO]: UUID of player Jacoblin2014 is c80bd6fd-2a3a-3306-9282-41b7b1057713
[17:25:12] [Server thread/INFO]: Jacoblin2014[/127.0.0.1:13974] logged in with entity id 4584 at ([world]-133.69999998807907, 68.0, 123.3591627799296)
[17:28:07] [Server thread/WARN]: Jacoblin2014 was kicked for floating too long!
[17:28:07] [Server thread/INFO]: Jacoblin2014 lost connection: Flying is not enabled on this server
[17:28:07] [Server thread/INFO]: « Jacoblin2014 離開遊戲
[17:28:09] [User Authenticator #4/INFO]: UUID of player Jacoblin2014 is c80bd6fd-2a3a-3306-9282-41b7b1057713
[17:28:09] [Server thread/INFO]: Jacoblin2014[/127.0.0.1:14010] logged in with entity id 4836 at ([world]-83.70000002533197, 63.0000002, 46.299999974668026)
[17:39:18] [Server thread/INFO]: Jacoblin2014 issued server command: /time set day
[17:39:18] [Server thread/INFO]: [Jacoblin2014: Set the time to 1000]
[17:40:56] [Server thread/WARN]: Jacoblin2014 moved wrongly!
[18:05:16] [Server thread/INFO]: Jacoblin2014 lost connection: Disconnected
[18:05:16] [Server thread/INFO]: « Jacoblin2014 離開遊戲
[18:06:30] [User Authenticator #5/INFO]: UUID of player Jacoblin2014 is c80bd6fd-2a3a-3306-9282-41b7b1057713
[18:06:30] [Server thread/INFO]: Jacoblin2014[/127.0.0.1:14196] logged in with entity id 8494 at ([world]-183.83000411727332, 63.0, 122.57529996480044)
[18:13:11] [Async Chat Thread - #0/INFO]: Owner | Jacoblin2014: hi
[18:22:15] [Server thread/INFO]: Jacoblin2014 lost connection: Disconnected
[18:22:15] [Server thread/INFO]: « Jacoblin2014 離開遊戲
[18:33:46] [Server thread/INFO]: Stopping the server
[18:33:46] [Server thread/INFO]: Stopping server
[18:33:46] [Server thread/INFO]: [ViaBackwards] Disabling ViaBackwards v3.0.0-SNAPSHOT
[18:33:46] [Server thread/INFO]: [EasyPrefix] Disabling EasyPrefix v1.6.3
[18:33:46] [Server thread/INFO]: [ViaVersion] Disabling ViaVersion v3.0.0-SNAPSHOT
[18:33:46] [Server thread/INFO]: [ViaVersion] ViaVersion is disabling, if this is a reload and you experience issues consider rebooting.
[18:33:46] [Server thread/INFO]: [TreeGravity] Disabling TreeGravity v4.3.0
[18:33:46] [Server thread/INFO]: [TreeGravity] TreeGravity disabled
[18:33:46] [Server thread/INFO]: [ArmoredElytra] Disabling ArmoredElytra v2.4.11
[18:33:46] [Server thread/INFO]: [CraftEnhance] Disabling CraftEnhance v2.3.4
[18:33:46] [Server thread/INFO]: [BattleMusic] Disabling BattleMusic v2.5
[18:33:46] [Server thread/INFO]: [LoginSecurity] Disabling LoginSecurity v2.1.9
[18:33:46] [Server thread/INFO]: [LoginSecurity] Waiting for queued tasks...
[18:33:46] [Server thread/INFO]: [LoginSecurity] ExecutorService shut down, ready to disable.
[18:33:46] [Server thread/INFO]: [FastLogin] Disabling FastLogin v1.10-git484855724b794de1fe057cf7360245362658b432
[18:33:46] [Server thread/INFO]: HikariPool-1 - Shutdown initiated...
[18:33:46] [Server thread/INFO]: HikariPool-1 - Shutdown completed.
[18:33:46] [Server thread/INFO]: [ChestCleaner] Disabling ChestCleaner v1.7
[18:33:46] [Server thread/INFO]: [SkinsRestorer] Disabling SkinsRestorer v13.7.5
[18:33:46] [Server thread/INFO]: [PlayerListGUI] Disabling PlayerListGUI v2.0
[18:33:46] [Server thread/INFO]: Saving players
[18:33:46] [Server thread/INFO]: Saving worlds
[18:33:46] [Server thread/INFO]: Saving chunks for level 'world'/minecraft:overworld
[18:33:46] [Server thread/INFO]: ThreadedAnvilChunkStorage (world): All chunks are saved
[18:33:46] [Server thread/INFO]: Saving chunks for level 'world_nether'/minecraft:the_nether
[18:33:46] [Server thread/INFO]: ThreadedAnvilChunkStorage (DIM-1): All chunks are saved
[18:33:46] [Server thread/INFO]: Saving chunks for level 'world_the_end'/minecraft:the_end
[18:33:46] [Server thread/INFO]: ThreadedAnvilChunkStorage (DIM1): All chunks are saved
[18:33:46] [Server thread/INFO]: ThreadedAnvilChunkStorage (world): All chunks are saved
[18:33:46] [Server thread/INFO]: ThreadedAnvilChunkStorage (DIM-1): All chunks are saved
[18:33:47] [Server thread/INFO]: ThreadedAnvilChunkStorage (DIM1): All chunks are saved
